<?xml version="1.0" encoding="UTF-8"?>
<robot generator="Robot 6.1.1 (Python 3.12.3 on win32)" generated="20250314 00:05:18.362" rpa="false" schemaversion="4">
<suite id="s1" name="Demo" source="c:\Users\cpi21897\git\AutomIA_ElementFinder\demo\demo.robot">
<kw name="Add Location Strategy" library="SeleniumLibrary" type="SETUP">
<arg>FindElementsByIA</arg>
<arg>AutomIA Locator Strategy</arg>
<arg>${True}</arg>
<doc>Adds a custom location strategy.</doc>
<status status="PASS" starttime="20250314 00:05:18.759" endtime="20250314 00:05:18.759"/>
</kw>
<test id="s1-t1" name="Test Classic V1" line="30">
<kw name="TestClassic">
<arg>SiteDemoOriginal</arg>
<tag>Classic</tag>
<kw name="Set Variable" library="BuiltIn">
<var>${loginpageurl}</var>
<arg>file:///c:\\Users\\cpi21897\\git\\AutomIA_ElementFinder\\demo/${siteDemo}/Login.html</arg>
<doc>Returns the given values which can then be assigned to a variables.</doc>
<msg timestamp="20250314 00:05:18.761" level="INFO">${loginpageurl} = file:///c:\Users\cpi21897\git\AutomIA_ElementFinder\demo/SiteDemoOriginal/Login.html</msg>
<status status="PASS" starttime="20250314 00:05:18.761" endtime="20250314 00:05:18.764"/>
</kw>
<kw name="Log" library="BuiltIn">
<arg>New url: ${loginpageurl}</arg>
<doc>Logs the given message with the given level.</doc>
<msg timestamp="20250314 00:05:18.765" level="INFO">New url: file:///c:\Users\cpi21897\git\AutomIA_ElementFinder\demo/SiteDemoOriginal/Login.html</msg>
<status status="PASS" starttime="20250314 00:05:18.764" endtime="20250314 00:05:18.765"/>
</kw>
<kw name="Open Browser" library="SeleniumLibrary">
<arg>${loginpageurl}</arg>
<arg>${BROWSER}</arg>
<doc>Opens a new browser instance to the optional ``url``.</doc>
<msg timestamp="20250314 00:05:18.766" level="INFO">Opening browser 'edge' to base url 'file:///c:\Users\cpi21897\git\AutomIA_ElementFinder\demo/SiteDemoOriginal/Login.html'.</msg>
<status status="PASS" starttime="20250314 00:05:18.765" endtime="20250314 00:05:22.551"/>
</kw>
<kw name="Maximize Browser Window" library="SeleniumLibrary">
<doc>Maximizes current browser window.</doc>
<status status="PASS" starttime="20250314 00:05:22.552" endtime="20250314 00:05:22.597"/>
</kw>
<kw name="Log To Console" library="BuiltIn">
<arg>login</arg>
<doc>Logs the given message to the console.</doc>
<status status="PASS" starttime="20250314 00:05:22.597" endtime="20250314 00:05:22.599"/>
</kw>
<kw name="Wait Until Element Is Visible" library="SeleniumLibrary">
<arg>name:email</arg>
<doc>Waits until the element ``locator`` is visible.</doc>
<status status="PASS" starttime="20250314 00:05:22.599" endtime="20250314 00:05:22.636"/>
</kw>
<kw name="Input Text" library="SeleniumLibrary">
<arg>name:email</arg>
<arg>${username}</arg>
<doc>Types the given ``text`` into the text field identified by ``locator``.</doc>
<msg timestamp="20250314 00:05:22.636" level="INFO">Typing text 'myUsername' into text field 'name:email'.</msg>
<status status="PASS" starttime="20250314 00:05:22.636" endtime="20250314 00:05:22.757"/>
</kw>
<kw name="Input Text" library="SeleniumLibrary">
<arg>name:pass</arg>
<arg>${password}</arg>
<doc>Types the given ``text`` into the text field identified by ``locator``.</doc>
<msg timestamp="20250314 00:05:22.758" level="INFO">Typing text 'myPassword' into text field 'name:pass'.</msg>
<status status="PASS" starttime="20250314 00:05:22.757" endtime="20250314 00:05:22.873"/>
</kw>
<kw name="Click Element" library="SeleniumLibrary">
<arg>xpath://a[text()='Connexion']</arg>
<doc>Click the element identified by ``locator``.</doc>
<msg timestamp="20250314 00:05:22.873" level="INFO">Clicking element 'xpath://a[text()='Connexion']'.</msg>
<status status="PASS" starttime="20250314 00:05:22.873" endtime="20250314 00:05:24.203"/>
</kw>
<kw name="Log To Console" library="BuiltIn">
<arg>job application form</arg>
<doc>Logs the given message to the console.</doc>
<status status="PASS" starttime="20250314 00:05:24.203" endtime="20250314 00:05:24.203"/>
</kw>
<kw name="Wait Until Element Is Visible" library="SeleniumLibrary">
<arg>id:fluentform_153</arg>
<doc>Waits until the element ``locator`` is visible.</doc>
<status status="PASS" starttime="20250314 00:05:24.204" endtime="20250314 00:05:24.337"/>
</kw>
<kw name="Input Text" library="SeleniumLibrary">
<arg>id:ff_153_names_first_name_</arg>
<arg>${firstnamevalue}</arg>
<doc>Types the given ``text`` into the text field identified by ``locator``.</doc>
<msg timestamp="20250314 00:05:24.339" level="INFO">Typing text 'myFirstname' into text field 'id:ff_153_names_first_name_'.</msg>
<status status="PASS" starttime="20250314 00:05:24.338" endtime="20250314 00:05:24.479"/>
</kw>
<kw name="Input Text" library="SeleniumLibrary">
<arg>id:ff_153_names_last_name_</arg>
<arg>${lastnamevalue}</arg>
<doc>Types the given ``text`` into the text field identified by ``locator``.</doc>
<msg timestamp="20250314 00:05:24.480" level="INFO">Typing text 'myLastname' into text field 'id:ff_153_names_last_name_'.</msg>
<status status="PASS" starttime="20250314 00:05:24.479" endtime="20250314 00:05:24.612"/>
</kw>
<kw name="Input Text" library="SeleniumLibrary">
<arg>id:ff_153_email</arg>
<arg>${emailvalue}</arg>
<doc>Types the given ``text`` into the text field identified by ``locator``.</doc>
<msg timestamp="20250314 00:05:24.614" level="INFO">Typing text 'myemail@email.com' into text field 'id:ff_153_email'.</msg>
<status status="PASS" starttime="20250314 00:05:24.613" endtime="20250314 00:05:24.747"/>
</kw>
<kw name="Input Text" library="SeleniumLibrary">
<arg>id:ff_153_phone</arg>
<arg>${mobilenumbervalue}</arg>
<doc>Types the given ``text`` into the text field identified by ``locator``.</doc>
<msg timestamp="20250314 00:05:24.749" level="INFO">Typing text '06 77 77 77 77' into text field 'id:ff_153_phone'.</msg>
<status status="PASS" starttime="20250314 00:05:24.748" endtime="20250314 00:05:24.883"/>
</kw>
<kw name="Input Text" library="SeleniumLibrary">
<arg>id:ff_153_address_1_address_line_1_</arg>
<arg>${addressvalue}</arg>
<doc>Types the given ``text`` into the text field identified by ``locator``.</doc>
<msg timestamp="20250314 00:05:24.885" level="INFO">Typing text 'myAddress' into text field 'id:ff_153_address_1_address_line_1_'.</msg>
<status status="PASS" starttime="20250314 00:05:24.884" endtime="20250314 00:05:25.001"/>
</kw>
<kw name="Input Text" library="SeleniumLibrary">
<arg>id:ff_153_address_1_city_</arg>
<arg>${cityvalue}</arg>
<doc>Types the given ``text`` into the text field identified by ``locator``.</doc>
<msg timestamp="20250314 00:05:25.001" level="INFO">Typing text 'Nantes' into text field 'id:ff_153_address_1_city_'.</msg>
<status status="PASS" starttime="20250314 00:05:25.001" endtime="20250314 00:05:25.112"/>
</kw>
<kw name="Input Text" library="SeleniumLibrary">
<arg>id:ff_153_address_1_zip_</arg>
<arg>${zipcodevalue}</arg>
<doc>Types the given ``text`` into the text field identified by ``locator``.</doc>
<msg timestamp="20250314 00:05:25.114" level="INFO">Typing text '44000' into text field 'id:ff_153_address_1_zip_'.</msg>
<status status="PASS" starttime="20250314 00:05:25.113" endtime="20250314 00:05:25.230"/>
</kw>
<kw name="Select From List By Value" library="SeleniumLibrary">
<arg>id:ff_153_address_1_country_</arg>
<arg>${countryvalue}</arg>
<doc>Selects options from selection list ``locator`` by ``values``.</doc>
<msg timestamp="20250314 00:05:25.231" level="INFO">Selecting options from selection list 'id:ff_153_address_1_country_' by value FR.</msg>
<status status="PASS" starttime="20250314 00:05:25.230" endtime="20250314 00:05:25.327"/>
</kw>
<kw name="Input Text" library="SeleniumLibrary">
<arg>id:ff_153_input_text</arg>
<arg>${appliedpositionvalue}</arg>
<doc>Types the given ``text`` into the text field identified by ``locator``.</doc>
<msg timestamp="20250314 00:05:25.327" level="INFO">Typing text 'QA Lead' into text field 'id:ff_153_input_text'.</msg>
<status status="PASS" starttime="20250314 00:05:25.327" endtime="20250314 00:05:25.448"/>
</kw>
<kw name="Input Text" library="SeleniumLibrary">
<arg>id:ff_153_description_3</arg>
<arg>${coverlettervalue}</arg>
<doc>Types the given ``text`` into the text field identified by ``locator``.</doc>
<msg timestamp="20250314 00:05:25.449" level="INFO">Typing text 'this is my test sentence' into text field 'id:ff_153_description_3'.</msg>
<status status="PASS" starttime="20250314 00:05:25.448" endtime="20250314 00:05:25.553"/>
</kw>
<kw name="Input Text" library="SeleniumLibrary">
<arg>id:ff_153_numeric-field</arg>
<arg>${yearsexperiencevalue}</arg>
<doc>Types the given ``text`` into the text field identified by ``locator``.</doc>
<msg timestamp="20250314 00:05:25.554" level="INFO">Typing text '8' into text field 'id:ff_153_numeric-field'.</msg>
<status status="PASS" starttime="20250314 00:05:25.554" endtime="20250314 00:05:25.649"/>
</kw>
<kw name="Click Element" library="SeleniumLibrary">
<arg>xpath://a[text()='Apply']</arg>
<doc>Click the element identified by ``locator``.</doc>
<msg timestamp="20250314 00:05:25.650" level="INFO">Clicking element 'xpath://a[text()='Apply']'.</msg>
<status status="PASS" starttime="20250314 00:05:25.650" endtime="20250314 00:05:26.183"/>
</kw>
<kw name="Wait Until Element Is Visible" library="SeleniumLibrary">
<arg>xpath://main/div/div[2]/div/form</arg>
<doc>Waits until the element ``locator`` is visible.</doc>
<status status="PASS" starttime="20250314 00:05:26.184" endtime="20250314 00:05:26.219"/>
</kw>
<kw name="Log To Console" library="BuiltIn">
<arg>Job application complete</arg>
<doc>Logs the given message to the console.</doc>
<status status="PASS" starttime="20250314 00:05:26.219" endtime="20250314 00:05:26.221"/>
</kw>
<kw name="Close Browser" library="SeleniumLibrary">
<doc>Closes the current browser.</doc>
<status status="PASS" starttime="20250314 00:05:26.221" endtime="20250314 00:05:28.790"/>
</kw>
<status status="PASS" starttime="20250314 00:05:18.760" endtime="20250314 00:05:28.790"/>
</kw>
<status status="PASS" starttime="20250314 00:05:18.759" endtime="20250314 00:05:28.791"/>
</test>
<test id="s1-t2" name="Test Avec AutomIA V1" line="33">
<kw name="TestAvecAutomIA">
<arg>SiteDemoOriginal</arg>
<tag>AutomIA</tag>
<kw name="Set Variable" library="BuiltIn">
<var>${loginpageurl}</var>
<arg>file:///c:\\Users\\cpi21897\\git\\AutomIA_ElementFinder\\demo/${siteDemo}/Login.html</arg>
<doc>Returns the given values which can then be assigned to a variables.</doc>
<msg timestamp="20250314 00:05:28.794" level="INFO">${loginpageurl} = file:///c:\Users\cpi21897\git\AutomIA_ElementFinder\demo/SiteDemoOriginal/Login.html</msg>
<status status="PASS" starttime="20250314 00:05:28.794" endtime="20250314 00:05:28.794"/>
</kw>
<kw name="Log" library="BuiltIn">
<arg>New url: ${loginpageurl}</arg>
<doc>Logs the given message with the given level.</doc>
<msg timestamp="20250314 00:05:28.794" level="INFO">New url: file:///c:\Users\cpi21897\git\AutomIA_ElementFinder\demo/SiteDemoOriginal/Login.html</msg>
<status status="PASS" starttime="20250314 00:05:28.794" endtime="20250314 00:05:28.794"/>
</kw>
<kw name="Open Browser" library="SeleniumLibrary">
<arg>${loginpageurl}</arg>
<arg>${BROWSER}</arg>
<doc>Opens a new browser instance to the optional ``url``.</doc>
<msg timestamp="20250314 00:05:28.794" level="INFO">Opening browser 'edge' to base url 'file:///c:\Users\cpi21897\git\AutomIA_ElementFinder\demo/SiteDemoOriginal/Login.html'.</msg>
<status status="PASS" starttime="20250314 00:05:28.794" endtime="20250314 00:05:32.133"/>
</kw>
<kw name="Maximize Browser Window" library="SeleniumLibrary">
<doc>Maximizes current browser window.</doc>
<status status="PASS" starttime="20250314 00:05:32.133" endtime="20250314 00:05:32.182"/>
</kw>
<kw name="Log To Console" library="BuiltIn">
<arg>login</arg>
<doc>Logs the given message to the console.</doc>
<status status="PASS" starttime="20250314 00:05:32.182" endtime="20250314 00:05:32.184"/>
</kw>
<kw name="Wait Until Element Is Visible" library="SeleniumLibrary">
<arg>FindElementsByIA:login_username</arg>
<doc>Waits until the element ``locator`` is visible.</doc>
<kw name="AutomIA Locator Strategy" library="CustomKeywords">
<arg>&lt;selenium.webdriver.edge.webdriver.WebDriver (session="feb64029807c87508634c6fece83536c")&gt;</arg>
<arg>login_username</arg>
<arg>None</arg>
<arg>{}</arg>
<kw name="Split String" library="String">
<var>${locator_parts}</var>
<arg>${locator}</arg>
<arg>|</arg>
<doc>Splits the ``string`` using ``separator`` as a delimiter string.</doc>
<msg timestamp="20250314 00:05:32.187" level="INFO">${locator_parts} = ['login_username']</msg>
<status status="PASS" starttime="20250314 00:05:32.186" endtime="20250314 00:05:32.189"/>
</kw>
<kw name="Get Length" library="BuiltIn">
<var>${nbProperties}</var>
<arg>${locator_parts}</arg>
<doc>Returns and logs the length of the given item as an integer.</doc>
<msg timestamp="20250314 00:05:32.191" level="INFO">Length is 1</msg>
<msg timestamp="20250314 00:05:32.191" level="INFO">${nbProperties} = 1</msg>
<status status="PASS" starttime="20250314 00:05:32.190" endtime="20250314 00:05:32.191"/>
</kw>
<kw name="Set Variable" library="BuiltIn">
<var>${objFile}</var>
<arg>${locator_parts[0]}</arg>
<doc>Returns the given values which can then be assigned to a variables.</doc>
<msg timestamp="20250314 00:05:32.193" level="INFO">${objFile} = login_username</msg>
<status status="PASS" starttime="20250314 00:05:32.192" endtime="20250314 00:05:32.193"/>
</kw>
<kw name="Set Variable" library="BuiltIn">
<var>${objPath}</var>
<arg>${EXECDIR}${ObjectRepositoryPath}${objFile}</arg>
<doc>Returns the given values which can then be assigned to a variables.</doc>
<msg timestamp="20250314 00:05:32.195" level="INFO">${objPath} = C:\Users\cpi21897\git\AutomIA_ElementFinder/demo/objectrepository/login_username</msg>
<status status="PASS" starttime="20250314 00:05:32.194" endtime="20250314 00:05:32.195"/>
</kw>
<kw name="Create Dictionary" library="BuiltIn">
<var>${additionalProperties}</var>
<doc>Creates and returns a dictionary based on the given ``items``.</doc>
<msg timestamp="20250314 00:05:32.195" level="INFO">${additionalProperties} = {}</msg>
<status status="PASS" starttime="20250314 00:05:32.195" endtime="20250314 00:05:32.195"/>
</kw>
<for flavor="IN RANGE">
<var>${index}</var>
<value>1</value>
<value>${nbProperties}</value>
<iter>
<var name="${index}"/>
<kw name="Split String" library="String">
<var>${property}</var>
<arg>${locator_parts[${index}]}</arg>
<arg>:</arg>
<doc>Splits the ``string`` using ``separator`` as a delimiter string.</doc>
<status status="NOT RUN" starttime="20250314 00:05:32.197" endtime="20250314 00:05:32.197"/>
</kw>
<kw name="Set Variable" library="BuiltIn">
<var>${propertyName}</var>
<arg>${property[0]}</arg>
<doc>Returns the given values which can then be assigned to a variables.</doc>
<status status="NOT RUN" starttime="20250314 00:05:32.197" endtime="20250314 00:05:32.198"/>
</kw>
<kw name="Set Variable" library="BuiltIn">
<var>${propertyValue}</var>
<arg>${property[1]}</arg>
<doc>Returns the given values which can then be assigned to a variables.</doc>
<status status="NOT RUN" starttime="20250314 00:05:32.198" endtime="20250314 00:05:32.198"/>
</kw>
<kw name="Set To Dictionary" library="Collections">
<arg>${additionalProperties}</arg>
<arg>${propertyName}</arg>
<arg>${propertyValue}</arg>
<doc>Adds the given ``key_value_pairs`` and/or ``items`` to the ``dictionary``.</doc>
<status status="NOT RUN" starttime="20250314 00:05:32.198" endtime="20250314 00:05:32.198"/>
</kw>
<status status="NOT RUN" starttime="20250314 00:05:32.197" endtime="20250314 00:05:32.198"/>
</iter>
<status status="NOT RUN" starttime="20250314 00:05:32.196" endtime="20250314 00:05:32.199"/>
</for>
<kw name="Find Elements By Ia With Driver" library="FindWebElements">
<var>${webelement}</var>
<arg>${objPath}</arg>
<arg>${additionalProperties}</arg>
<doc>Find elements by IA using Selenium WebDriver.</doc>
<msg timestamp="20250314 00:05:32.271" level="INFO">Nombre d'élement avec le TagName : input = 2
Attibut traité : class
Attibut traité : type
Attibut traité : name
Attibut traité : placeholder
Attibut traité : textContent
Sorted Tag List : [('class', 'input100', 75), ('type', 'text', 50), ('name', 'email', 45), ('placeholder', 'Email', 30), ('textContent', '', 25), ('style', 'outline: red solid 2px;', 10)]
Nombre d'élement avec le Xpath : self::*[@class='input100'] = 2
Nombre d'élement avec le Xpath : self::*[@type='text'] = 1
nombre d'élements encore en lice après recherche par attributs : 1</msg>
<msg timestamp="20250314 00:05:32.271" level="INFO">${webelement} = &lt;selenium.webdriver.remote.webelement.WebElement (session="feb64029807c87508634c6fece83536c", element="f.C6A60DEE91BD27AA68F3676389B4648C.d.BD7741DB1FBF73161A2F17B5499D5109.e.5")&gt;</msg>
<status status="PASS" starttime="20250314 00:05:32.199" endtime="20250314 00:05:32.271"/>
</kw>
<return>
<value>${webelement}</value>
<status status="PASS" starttime="20250314 00:05:32.271" endtime="20250314 00:05:32.271"/>
</return>
<status status="PASS" starttime="20250314 00:05:32.185" endtime="20250314 00:05:32.271"/>
</kw>
<status status="PASS" starttime="20250314 00:05:32.184" endtime="20250314 00:05:32.288"/>
</kw>
<kw name="Input Text" library="SeleniumLibrary">
<arg>FindElementsByIA:login_username</arg>
<arg>${username}</arg>
<doc>Types the given ``text`` into the text field identified by ``locator``.</doc>
<msg timestamp="20250314 00:05:32.288" level="INFO">Typing text 'myUsername' into text field 'FindElementsByIA:login_username'.</msg>
<kw name="AutomIA Locator Strategy" library="CustomKeywords">
<arg>&lt;selenium.webdriver.edge.webdriver.WebDriver (session="feb64029807c87508634c6fece83536c")&gt;</arg>
<arg>login_username</arg>
<arg>None</arg>
<arg>{}</arg>
<kw name="Split String" library="String">
<var>${locator_parts}</var>
<arg>${locator}</arg>
<arg>|</arg>
<doc>Splits the ``string`` using ``separator`` as a delimiter string.</doc>
<msg timestamp="20250314 00:05:32.288" level="INFO">${locator_parts} = ['login_username']</msg>
<status status="PASS" starttime="20250314 00:05:32.288" endtime="20250314 00:05:32.288"/>
</kw>
<kw name="Get Length" library="BuiltIn">
<var>${nbProperties}</var>
<arg>${locator_parts}</arg>
<doc>Returns and logs the length of the given item as an integer.</doc>
<msg timestamp="20250314 00:05:32.288" level="INFO">Length is 1</msg>
<msg timestamp="20250314 00:05:32.288" level="INFO">${nbProperties} = 1</msg>
<status status="PASS" starttime="20250314 00:05:32.288" endtime="20250314 00:05:32.288"/>
</kw>
<kw name="Set Variable" library="BuiltIn">
<var>${objFile}</var>
<arg>${locator_parts[0]}</arg>
<doc>Returns the given values which can then be assigned to a variables.</doc>
<msg timestamp="20250314 00:05:32.288" level="INFO">${objFile} = login_username</msg>
<status status="PASS" starttime="20250314 00:05:32.288" endtime="20250314 00:05:32.288"/>
</kw>
<kw name="Set Variable" library="BuiltIn">
<var>${objPath}</var>
<arg>${EXECDIR}${ObjectRepositoryPath}${objFile}</arg>
<doc>Returns the given values which can then be assigned to a variables.</doc>
<msg timestamp="20250314 00:05:32.288" level="INFO">${objPath} = C:\Users\cpi21897\git\AutomIA_ElementFinder/demo/objectrepository/login_username</msg>
<status status="PASS" starttime="20250314 00:05:32.288" endtime="20250314 00:05:32.288"/>
</kw>
<kw name="Create Dictionary" library="BuiltIn">
<var>${additionalProperties}</var>
<doc>Creates and returns a dictionary based on the given ``items``.</doc>
<msg timestamp="20250314 00:05:32.304" level="INFO">${additionalProperties} = {}</msg>
<status status="PASS" starttime="20250314 00:05:32.303" endtime="20250314 00:05:32.304"/>
</kw>
<for flavor="IN RANGE">
<var>${index}</var>
<value>1</value>
<value>${nbProperties}</value>
<iter>
<var name="${index}"/>
<kw name="Split String" library="String">
<var>${property}</var>
<arg>${locator_parts[${index}]}</arg>
<arg>:</arg>
<doc>Splits the ``string`` using ``separator`` as a delimiter string.</doc>
<status status="NOT RUN" starttime="20250314 00:05:32.305" endtime="20250314 00:05:32.305"/>
</kw>
<kw name="Set Variable" library="BuiltIn">
<var>${propertyName}</var>
<arg>${property[0]}</arg>
<doc>Returns the given values which can then be assigned to a variables.</doc>
<status status="NOT RUN" starttime="20250314 00:05:32.305" endtime="20250314 00:05:32.305"/>
</kw>
<kw name="Set Variable" library="BuiltIn">
<var>${propertyValue}</var>
<arg>${property[1]}</arg>
<doc>Returns the given values which can then be assigned to a variables.</doc>
<status status="NOT RUN" starttime="20250314 00:05:32.306" endtime="20250314 00:05:32.306"/>
</kw>
<kw name="Set To Dictionary" library="Collections">
<arg>${additionalProperties}</arg>
<arg>${propertyName}</arg>
<arg>${propertyValue}</arg>
<doc>Adds the given ``key_value_pairs`` and/or ``items`` to the ``dictionary``.</doc>
<status status="NOT RUN" starttime="20250314 00:05:32.306" endtime="20250314 00:05:32.306"/>
</kw>
<status status="NOT RUN" starttime="20250314 00:05:32.304" endtime="20250314 00:05:32.306"/>
</iter>
<status status="NOT RUN" starttime="20250314 00:05:32.304" endtime="20250314 00:05:32.306"/>
</for>
<kw name="Find Elements By Ia With Driver" library="FindWebElements">
<var>${webelement}</var>
<arg>${objPath}</arg>
<arg>${additionalProperties}</arg>
<doc>Find elements by IA using Selenium WebDriver.</doc>
<msg timestamp="20250314 00:05:32.446" level="INFO">Nombre d'élement avec le TagName : input = 2
Attibut traité : class
Attibut traité : type
Attibut traité : name
Attibut traité : placeholder
Attibut traité : textContent
Sorted Tag List : [('class', 'input100', 75), ('type', 'text', 50), ('name', 'email', 45), ('placeholder', 'Email', 30), ('textContent', '', 25), ('style', 'outline: red solid 2px;', 10)]
Nombre d'élement avec le Xpath : self::*[@class='input100'] = 2
Nombre d'élement avec le Xpath : self::*[@type='text'] = 1
nombre d'élements encore en lice après recherche par attributs : 1</msg>
<msg timestamp="20250314 00:05:32.446" level="INFO">${webelement} = &lt;selenium.webdriver.remote.webelement.WebElement (session="feb64029807c87508634c6fece83536c", element="f.C6A60DEE91BD27AA68F3676389B4648C.d.BD7741DB1FBF73161A2F17B5499D5109.e.5")&gt;</msg>
<status status="PASS" starttime="20250314 00:05:32.306" endtime="20250314 00:05:32.446"/>
</kw>
<return>
<value>${webelement}</value>
<status status="PASS" starttime="20250314 00:05:32.446" endtime="20250314 00:05:32.446"/>
</return>
<status status="PASS" starttime="20250314 00:05:32.288" endtime="20250314 00:05:32.446"/>
</kw>
<status status="PASS" starttime="20250314 00:05:32.288" endtime="20250314 00:05:32.575"/>
</kw>
<kw name="Input Text" library="SeleniumLibrary">
<arg>FindElementsByIA:login_password</arg>
<arg>${password}</arg>
<doc>Types the given ``text`` into the text field identified by ``locator``.</doc>
<msg timestamp="20250314 00:05:32.575" level="INFO">Typing text 'myPassword' into text field 'FindElementsByIA:login_password'.</msg>
<kw name="AutomIA Locator Strategy" library="CustomKeywords">
<arg>&lt;selenium.webdriver.edge.webdriver.WebDriver (session="feb64029807c87508634c6fece83536c")&gt;</arg>
<arg>login_password</arg>
<arg>None</arg>
<arg>{}</arg>
<kw name="Split String" library="String">
<var>${locator_parts}</var>
<arg>${locator}</arg>
<arg>|</arg>
<doc>Splits the ``string`` using ``separator`` as a delimiter string.</doc>
<msg timestamp="20250314 00:05:32.577" level="INFO">${locator_parts} = ['login_password']</msg>
<status status="PASS" starttime="20250314 00:05:32.577" endtime="20250314 00:05:32.578"/>
</kw>
<kw name="Get Length" library="BuiltIn">
<var>${nbProperties}</var>
<arg>${locator_parts}</arg>
<doc>Returns and logs the length of the given item as an integer.</doc>
<msg timestamp="20250314 00:05:32.578" level="INFO">Length is 1</msg>
<msg timestamp="20250314 00:05:32.578" level="INFO">${nbProperties} = 1</msg>
<status status="PASS" starttime="20250314 00:05:32.578" endtime="20250314 00:05:32.578"/>
</kw>
<kw name="Set Variable" library="BuiltIn">
<var>${objFile}</var>
<arg>${locator_parts[0]}</arg>
<doc>Returns the given values which can then be assigned to a variables.</doc>
<msg timestamp="20250314 00:05:32.580" level="INFO">${objFile} = login_password</msg>
<status status="PASS" starttime="20250314 00:05:32.578" endtime="20250314 00:05:32.580"/>
</kw>
<kw name="Set Variable" library="BuiltIn">
<var>${objPath}</var>
<arg>${EXECDIR}${ObjectRepositoryPath}${objFile}</arg>
<doc>Returns the given values which can then be assigned to a variables.</doc>
<msg timestamp="20250314 00:05:32.580" level="INFO">${objPath} = C:\Users\cpi21897\git\AutomIA_ElementFinder/demo/objectrepository/login_password</msg>
<status status="PASS" starttime="20250314 00:05:32.580" endtime="20250314 00:05:32.580"/>
</kw>
<kw name="Create Dictionary" library="BuiltIn">
<var>${additionalProperties}</var>
<doc>Creates and returns a dictionary based on the given ``items``.</doc>
<msg timestamp="20250314 00:05:32.581" level="INFO">${additionalProperties} = {}</msg>
<status status="PASS" starttime="20250314 00:05:32.581" endtime="20250314 00:05:32.581"/>
</kw>
<for flavor="IN RANGE">
<var>${index}</var>
<value>1</value>
<value>${nbProperties}</value>
<iter>
<var name="${index}"/>
<kw name="Split String" library="String">
<var>${property}</var>
<arg>${locator_parts[${index}]}</arg>
<arg>:</arg>
<doc>Splits the ``string`` using ``separator`` as a delimiter string.</doc>
<status status="NOT RUN" starttime="20250314 00:05:32.582" endtime="20250314 00:05:32.582"/>
</kw>
<kw name="Set Variable" library="BuiltIn">
<var>${propertyName}</var>
<arg>${property[0]}</arg>
<doc>Returns the given values which can then be assigned to a variables.</doc>
<status status="NOT RUN" starttime="20250314 00:05:32.582" endtime="20250314 00:05:32.582"/>
</kw>
<kw name="Set Variable" library="BuiltIn">
<var>${propertyValue}</var>
<arg>${property[1]}</arg>
<doc>Returns the given values which can then be assigned to a variables.</doc>
<status status="NOT RUN" starttime="20250314 00:05:32.582" endtime="20250314 00:05:32.582"/>
</kw>
<kw name="Set To Dictionary" library="Collections">
<arg>${additionalProperties}</arg>
<arg>${propertyName}</arg>
<arg>${propertyValue}</arg>
<doc>Adds the given ``key_value_pairs`` and/or ``items`` to the ``dictionary``.</doc>
<status status="NOT RUN" starttime="20250314 00:05:32.583" endtime="20250314 00:05:32.583"/>
</kw>
<status status="NOT RUN" starttime="20250314 00:05:32.581" endtime="20250314 00:05:32.583"/>
</iter>
<status status="NOT RUN" starttime="20250314 00:05:32.581" endtime="20250314 00:05:32.583"/>
</for>
<kw name="Find Elements By Ia With Driver" library="FindWebElements">
<var>${webelement}</var>
<arg>${objPath}</arg>
<arg>${additionalProperties}</arg>
<doc>Find elements by IA using Selenium WebDriver.</doc>
<msg timestamp="20250314 00:05:32.649" level="INFO">Nombre d'élement avec le TagName : input = 2
Attibut traité : class
Attibut traité : type
Attibut traité : name
Attibut traité : placeholder
Attibut traité : textContent
Sorted Tag List : [('class', 'input100', 75), ('type', 'password', 50), ('name', 'pass', 45), ('placeholder', 'Password', 30), ('textContent', '', 25), ('style', 'outline: red solid 2px;', 10)]
Nombre d'élement avec le Xpath : self::*[@class='input100'] = 2
Nombre d'élement avec le Xpath : self::*[@type='password'] = 1
nombre d'élements encore en lice après recherche par attributs : 1</msg>
<msg timestamp="20250314 00:05:32.649" level="INFO">${webelement} = &lt;selenium.webdriver.remote.webelement.WebElement (session="feb64029807c87508634c6fece83536c", element="f.C6A60DEE91BD27AA68F3676389B4648C.d.BD7741DB1FBF73161A2F17B5499D5109.e.6")&gt;</msg>
<status status="PASS" starttime="20250314 00:05:32.583" endtime="20250314 00:05:32.649"/>
</kw>
<return>
<value>${webelement}</value>
<status status="PASS" starttime="20250314 00:05:32.650" endtime="20250314 00:05:32.650"/>
</return>
<status status="PASS" starttime="20250314 00:05:32.577" endtime="20250314 00:05:32.650"/>
</kw>
<status status="PASS" starttime="20250314 00:05:32.575" endtime="20250314 00:05:32.740"/>
</kw>
<kw name="Click Element" library="SeleniumLibrary">
<arg>FindElementsByIA:login_ConnexionButton</arg>
<doc>Click the element identified by ``locator``.</doc>
<msg timestamp="20250314 00:05:32.741" level="INFO">Clicking element 'FindElementsByIA:login_ConnexionButton'.</msg>
<kw name="AutomIA Locator Strategy" library="CustomKeywords">
<arg>&lt;selenium.webdriver.edge.webdriver.WebDriver (session="feb64029807c87508634c6fece83536c")&gt;</arg>
<arg>login_ConnexionButton</arg>
<arg>None</arg>
<arg>{}</arg>
<kw name="Split String" library="String">
<var>${locator_parts}</var>
<arg>${locator}</arg>
<arg>|</arg>
<doc>Splits the ``string`` using ``separator`` as a delimiter string.</doc>
<msg timestamp="20250314 00:05:32.741" level="INFO">${locator_parts} = ['login_ConnexionButton']</msg>
<status status="PASS" starttime="20250314 00:05:32.741" endtime="20250314 00:05:32.741"/>
</kw>
<kw name="Get Length" library="BuiltIn">
<var>${nbProperties}</var>
<arg>${locator_parts}</arg>
<doc>Returns and logs the length of the given item as an integer.</doc>
<msg timestamp="20250314 00:05:32.741" level="INFO">Length is 1</msg>
<msg timestamp="20250314 00:05:32.741" level="INFO">${nbProperties} = 1</msg>
<status status="PASS" starttime="20250314 00:05:32.741" endtime="20250314 00:05:32.741"/>
</kw>
<kw name="Set Variable" library="BuiltIn">
<var>${objFile}</var>
<arg>${locator_parts[0]}</arg>
<doc>Returns the given values which can then be assigned to a variables.</doc>
<msg timestamp="20250314 00:05:32.741" level="INFO">${objFile} = login_ConnexionButton</msg>
<status status="PASS" starttime="20250314 00:05:32.741" endtime="20250314 00:05:32.741"/>
</kw>
<kw name="Set Variable" library="BuiltIn">
<var>${objPath}</var>
<arg>${EXECDIR}${ObjectRepositoryPath}${objFile}</arg>
<doc>Returns the given values which can then be assigned to a variables.</doc>
<msg timestamp="20250314 00:05:32.741" level="INFO">${objPath} = C:\Users\cpi21897\git\AutomIA_ElementFinder/demo/objectrepository/login_ConnexionButton</msg>
<status status="PASS" starttime="20250314 00:05:32.741" endtime="20250314 00:05:32.741"/>
</kw>
<kw name="Create Dictionary" library="BuiltIn">
<var>${additionalProperties}</var>
<doc>Creates and returns a dictionary based on the given ``items``.</doc>
<msg timestamp="20250314 00:05:32.741" level="INFO">${additionalProperties} = {}</msg>
<status status="PASS" starttime="20250314 00:05:32.741" endtime="20250314 00:05:32.741"/>
</kw>
<for flavor="IN RANGE">
<var>${index}</var>
<value>1</value>
<value>${nbProperties}</value>
<iter>
<var name="${index}"/>
<kw name="Split String" library="String">
<var>${property}</var>
<arg>${locator_parts[${index}]}</arg>
<arg>:</arg>
<doc>Splits the ``string`` using ``separator`` as a delimiter string.</doc>
<status status="NOT RUN" starttime="20250314 00:05:32.741" endtime="20250314 00:05:32.741"/>
</kw>
<kw name="Set Variable" library="BuiltIn">
<var>${propertyName}</var>
<arg>${property[0]}</arg>
<doc>Returns the given values which can then be assigned to a variables.</doc>
<status status="NOT RUN" starttime="20250314 00:05:32.741" endtime="20250314 00:05:32.741"/>
</kw>
<kw name="Set Variable" library="BuiltIn">
<var>${propertyValue}</var>
<arg>${property[1]}</arg>
<doc>Returns the given values which can then be assigned to a variables.</doc>
<status status="NOT RUN" starttime="20250314 00:05:32.741" endtime="20250314 00:05:32.741"/>
</kw>
<kw name="Set To Dictionary" library="Collections">
<arg>${additionalProperties}</arg>
<arg>${propertyName}</arg>
<arg>${propertyValue}</arg>
<doc>Adds the given ``key_value_pairs`` and/or ``items`` to the ``dictionary``.</doc>
<status status="NOT RUN" starttime="20250314 00:05:32.741" endtime="20250314 00:05:32.741"/>
</kw>
<status status="NOT RUN" starttime="20250314 00:05:32.741" endtime="20250314 00:05:32.741"/>
</iter>
<status status="NOT RUN" starttime="20250314 00:05:32.741" endtime="20250314 00:05:32.741"/>
</for>
<kw name="Find Elements By Ia With Driver" library="FindWebElements">
<var>${webelement}</var>
<arg>${objPath}</arg>
<arg>${additionalProperties}</arg>
<doc>Find elements by IA using Selenium WebDriver.</doc>
<msg timestamp="20250314 00:05:32.788" level="INFO">Nombre d'élement avec le TagName : a = 3
Attibut traité : class
Attibut traité : textContent
Sorted Tag List : [('class', 'login100-form-btn', 75), ('textContent', 'Connexion', 25), ('href', 'Job Application Form - Fluent Forms.html', 10), ('style', 'outline: red solid 2px;', 10)]
Nombre d'élement avec le Xpath : self::*[@class='login100-form-btn'] = 1
nombre d'élements encore en lice après recherche par attributs : 1</msg>
<msg timestamp="20250314 00:05:32.788" level="INFO">${webelement} = &lt;selenium.webdriver.remote.webelement.WebElement (session="feb64029807c87508634c6fece83536c", element="f.C6A60DEE91BD27AA68F3676389B4648C.d.BD7741DB1FBF73161A2F17B5499D5109.e.13")&gt;</msg>
<status status="PASS" starttime="20250314 00:05:32.741" endtime="20250314 00:05:32.788"/>
</kw>
<return>
<value>${webelement}</value>
<status status="PASS" starttime="20250314 00:05:32.788" endtime="20250314 00:05:32.788"/>
</return>
<status status="PASS" starttime="20250314 00:05:32.741" endtime="20250314 00:05:32.788"/>
</kw>
<status status="PASS" starttime="20250314 00:05:32.740" endtime="20250314 00:05:34.058"/>
</kw>
<kw name="Log To Console" library="BuiltIn">
<arg>job application form</arg>
<doc>Logs the given message to the console.</doc>
<status status="PASS" starttime="20250314 00:05:34.058" endtime="20250314 00:05:34.059"/>
</kw>
<kw name="Wait Until Element Is Visible" library="SeleniumLibrary">
<arg>FindElementsByIA:JobApp_FirstName</arg>
<doc>Waits until the element ``locator`` is visible.</doc>
<kw name="AutomIA Locator Strategy" library="CustomKeywords">
<arg>&lt;selenium.webdriver.edge.webdriver.WebDriver (session="feb64029807c87508634c6fece83536c")&gt;</arg>
<arg>JobApp_FirstName</arg>
<arg>None</arg>
<arg>{}</arg>
<kw name="Split String" library="String">
<var>${locator_parts}</var>
<arg>${locator}</arg>
<arg>|</arg>
<doc>Splits the ``string`` using ``separator`` as a delimiter string.</doc>
<msg timestamp="20250314 00:05:34.062" level="INFO">${locator_parts} = ['JobApp_FirstName']</msg>
<status status="PASS" starttime="20250314 00:05:34.062" endtime="20250314 00:05:34.062"/>
</kw>
<kw name="Get Length" library="BuiltIn">
<var>${nbProperties}</var>
<arg>${locator_parts}</arg>
<doc>Returns and logs the length of the given item as an integer.</doc>
<msg timestamp="20250314 00:05:34.062" level="INFO">Length is 1</msg>
<msg timestamp="20250314 00:05:34.062" level="INFO">${nbProperties} = 1</msg>
<status status="PASS" starttime="20250314 00:05:34.062" endtime="20250314 00:05:34.062"/>
</kw>
<kw name="Set Variable" library="BuiltIn">
<var>${objFile}</var>
<arg>${locator_parts[0]}</arg>
<doc>Returns the given values which can then be assigned to a variables.</doc>
<msg timestamp="20250314 00:05:34.062" level="INFO">${objFile} = JobApp_FirstName</msg>
<status status="PASS" starttime="20250314 00:05:34.062" endtime="20250314 00:05:34.062"/>
</kw>
<kw name="Set Variable" library="BuiltIn">
<var>${objPath}</var>
<arg>${EXECDIR}${ObjectRepositoryPath}${objFile}</arg>
<doc>Returns the given values which can then be assigned to a variables.</doc>
<msg timestamp="20250314 00:05:34.062" level="INFO">${objPath} = C:\Users\cpi21897\git\AutomIA_ElementFinder/demo/objectrepository/JobApp_FirstName</msg>
<status status="PASS" starttime="20250314 00:05:34.062" endtime="20250314 00:05:34.062"/>
</kw>
<kw name="Create Dictionary" library="BuiltIn">
<var>${additionalProperties}</var>
<doc>Creates and returns a dictionary based on the given ``items``.</doc>
<msg timestamp="20250314 00:05:34.062" level="INFO">${additionalProperties} = {}</msg>
<status status="PASS" starttime="20250314 00:05:34.062" endtime="20250314 00:05:34.062"/>
</kw>
<for flavor="IN RANGE">
<var>${index}</var>
<value>1</value>
<value>${nbProperties}</value>
<iter>
<var name="${index}"/>
<kw name="Split String" library="String">
<var>${property}</var>
<arg>${locator_parts[${index}]}</arg>
<arg>:</arg>
<doc>Splits the ``string`` using ``separator`` as a delimiter string.</doc>
<status status="NOT RUN" starttime="20250314 00:05:34.062" endtime="20250314 00:05:34.062"/>
</kw>
<kw name="Set Variable" library="BuiltIn">
<var>${propertyName}</var>
<arg>${property[0]}</arg>
<doc>Returns the given values which can then be assigned to a variables.</doc>
<status status="NOT RUN" starttime="20250314 00:05:34.062" endtime="20250314 00:05:34.062"/>
</kw>
<kw name="Set Variable" library="BuiltIn">
<var>${propertyValue}</var>
<arg>${property[1]}</arg>
<doc>Returns the given values which can then be assigned to a variables.</doc>
<status status="NOT RUN" starttime="20250314 00:05:34.062" endtime="20250314 00:05:34.062"/>
</kw>
<kw name="Set To Dictionary" library="Collections">
<arg>${additionalProperties}</arg>
<arg>${propertyName}</arg>
<arg>${propertyValue}</arg>
<doc>Adds the given ``key_value_pairs`` and/or ``items`` to the ``dictionary``.</doc>
<status status="NOT RUN" starttime="20250314 00:05:34.062" endtime="20250314 00:05:34.062"/>
</kw>
<status status="NOT RUN" starttime="20250314 00:05:34.062" endtime="20250314 00:05:34.062"/>
</iter>
<status status="NOT RUN" starttime="20250314 00:05:34.062" endtime="20250314 00:05:34.062"/>
</for>
<kw name="Find Elements By Ia With Driver" library="FindWebElements">
<var>${webelement}</var>
<arg>${objPath}</arg>
<arg>${additionalProperties}</arg>
<doc>Find elements by IA using Selenium WebDriver.</doc>
<msg timestamp="20250314 00:05:34.302" level="INFO">Nombre d'élement avec le TagName : input = 16
Attibut traité : type
Attibut traité : name
Attibut traité : id
Attibut traité : class
Attibut traité : textContent
Sorted Tag List : [('id', 'ff_153_names_first_name_', 85), ('class', 'ff-el-form-control', 75), ('type', 'text', 50), ('name', 'names[first_name]', 45), ('textContent', '', 25), ('aria-invalid', 'false', 10), ('aria-required', 'false', 10), ('style', 'outline: red solid 2px;', 10)]
Nombre d'élement avec le Xpath : self::*[@id='ff_153_names_first_name_'] = 1
nombre d'élements encore en lice après recherche par attributs : 1</msg>
<msg timestamp="20250314 00:05:34.302" level="INFO">${webelement} = &lt;selenium.webdriver.remote.webelement.WebElement (session="feb64029807c87508634c6fece83536c", element="f.C6A60DEE91BD27AA68F3676389B4648C.d.9AA04020375DEAF80B5749A84F2F9144.e.47")&gt;</msg>
<status status="PASS" starttime="20250314 00:05:34.062" endtime="20250314 00:05:34.302"/>
</kw>
<return>
<value>${webelement}</value>
<status status="PASS" starttime="20250314 00:05:34.302" endtime="20250314 00:05:34.302"/>
</return>
<status status="PASS" starttime="20250314 00:05:34.060" endtime="20250314 00:05:34.302"/>
</kw>
<status status="PASS" starttime="20250314 00:05:34.060" endtime="20250314 00:05:34.325"/>
</kw>
<kw name="Input Text" library="SeleniumLibrary">
<arg>FindElementsByIA:JobApp_FirstName</arg>
<arg>${firstnamevalue}</arg>
<doc>Types the given ``text`` into the text field identified by ``locator``.</doc>
<msg timestamp="20250314 00:05:34.326" level="INFO">Typing text 'myFirstname' into text field 'FindElementsByIA:JobApp_FirstName'.</msg>
<kw name="AutomIA Locator Strategy" library="CustomKeywords">
<arg>&lt;selenium.webdriver.edge.webdriver.WebDriver (session="feb64029807c87508634c6fece83536c")&gt;</arg>
<arg>JobApp_FirstName</arg>
<arg>None</arg>
<arg>{}</arg>
<kw name="Split String" library="String">
<var>${locator_parts}</var>
<arg>${locator}</arg>
<arg>|</arg>
<doc>Splits the ``string`` using ``separator`` as a delimiter string.</doc>
<msg timestamp="20250314 00:05:34.327" level="INFO">${locator_parts} = ['JobApp_FirstName']</msg>
<status status="PASS" starttime="20250314 00:05:34.326" endtime="20250314 00:05:34.327"/>
</kw>
<kw name="Get Length" library="BuiltIn">
<var>${nbProperties}</var>
<arg>${locator_parts}</arg>
<doc>Returns and logs the length of the given item as an integer.</doc>
<msg timestamp="20250314 00:05:34.328" level="INFO">Length is 1</msg>
<msg timestamp="20250314 00:05:34.328" level="INFO">${nbProperties} = 1</msg>
<status status="PASS" starttime="20250314 00:05:34.327" endtime="20250314 00:05:34.328"/>
</kw>
<kw name="Set Variable" library="BuiltIn">
<var>${objFile}</var>
<arg>${locator_parts[0]}</arg>
<doc>Returns the given values which can then be assigned to a variables.</doc>
<msg timestamp="20250314 00:05:34.329" level="INFO">${objFile} = JobApp_FirstName</msg>
<status status="PASS" starttime="20250314 00:05:34.329" endtime="20250314 00:05:34.329"/>
</kw>
<kw name="Set Variable" library="BuiltIn">
<var>${objPath}</var>
<arg>${EXECDIR}${ObjectRepositoryPath}${objFile}</arg>
<doc>Returns the given values which can then be assigned to a variables.</doc>
<msg timestamp="20250314 00:05:34.330" level="INFO">${objPath} = C:\Users\cpi21897\git\AutomIA_ElementFinder/demo/objectrepository/JobApp_FirstName</msg>
<status status="PASS" starttime="20250314 00:05:34.330" endtime="20250314 00:05:34.330"/>
</kw>
<kw name="Create Dictionary" library="BuiltIn">
<var>${additionalProperties}</var>
<doc>Creates and returns a dictionary based on the given ``items``.</doc>
<msg timestamp="20250314 00:05:34.331" level="INFO">${additionalProperties} = {}</msg>
<status status="PASS" starttime="20250314 00:05:34.330" endtime="20250314 00:05:34.331"/>
</kw>
<for flavor="IN RANGE">
<var>${index}</var>
<value>1</value>
<value>${nbProperties}</value>
<iter>
<var name="${index}"/>
<kw name="Split String" library="String">
<var>${property}</var>
<arg>${locator_parts[${index}]}</arg>
<arg>:</arg>
<doc>Splits the ``string`` using ``separator`` as a delimiter string.</doc>
<status status="NOT RUN" starttime="20250314 00:05:34.331" endtime="20250314 00:05:34.331"/>
</kw>
<kw name="Set Variable" library="BuiltIn">
<var>${propertyName}</var>
<arg>${property[0]}</arg>
<doc>Returns the given values which can then be assigned to a variables.</doc>
<status status="NOT RUN" starttime="20250314 00:05:34.331" endtime="20250314 00:05:34.332"/>
</kw>
<kw name="Set Variable" library="BuiltIn">
<var>${propertyValue}</var>
<arg>${property[1]}</arg>
<doc>Returns the given values which can then be assigned to a variables.</doc>
<status status="NOT RUN" starttime="20250314 00:05:34.332" endtime="20250314 00:05:34.332"/>
</kw>
<kw name="Set To Dictionary" library="Collections">
<arg>${additionalProperties}</arg>
<arg>${propertyName}</arg>
<arg>${propertyValue}</arg>
<doc>Adds the given ``key_value_pairs`` and/or ``items`` to the ``dictionary``.</doc>
<status status="NOT RUN" starttime="20250314 00:05:34.332" endtime="20250314 00:05:34.332"/>
</kw>
<status status="NOT RUN" starttime="20250314 00:05:34.331" endtime="20250314 00:05:34.332"/>
</iter>
<status status="NOT RUN" starttime="20250314 00:05:34.331" endtime="20250314 00:05:34.332"/>
</for>
<kw name="Find Elements By Ia With Driver" library="FindWebElements">
<var>${webelement}</var>
<arg>${objPath}</arg>
<arg>${additionalProperties}</arg>
<doc>Find elements by IA using Selenium WebDriver.</doc>
<msg timestamp="20250314 00:05:34.485" level="INFO">Nombre d'élement avec le TagName : input = 16
Attibut traité : type
Attibut traité : name
Attibut traité : id
Attibut traité : class
Attibut traité : textContent
Sorted Tag List : [('id', 'ff_153_names_first_name_', 85), ('class', 'ff-el-form-control', 75), ('type', 'text', 50), ('name', 'names[first_name]', 45), ('textContent', '', 25), ('aria-invalid', 'false', 10), ('aria-required', 'false', 10), ('style', 'outline: red solid 2px;', 10)]
Nombre d'élement avec le Xpath : self::*[@id='ff_153_names_first_name_'] = 1
nombre d'élements encore en lice après recherche par attributs : 1</msg>
<msg timestamp="20250314 00:05:34.485" level="INFO">${webelement} = &lt;selenium.webdriver.remote.webelement.WebElement (session="feb64029807c87508634c6fece83536c", element="f.C6A60DEE91BD27AA68F3676389B4648C.d.9AA04020375DEAF80B5749A84F2F9144.e.47")&gt;</msg>
<status status="PASS" starttime="20250314 00:05:34.332" endtime="20250314 00:05:34.485"/>
</kw>
<return>
<value>${webelement}</value>
<status status="PASS" starttime="20250314 00:05:34.485" endtime="20250314 00:05:34.485"/>
</return>
<status status="PASS" starttime="20250314 00:05:34.326" endtime="20250314 00:05:34.485"/>
</kw>
<status status="PASS" starttime="20250314 00:05:34.325" endtime="20250314 00:05:34.578"/>
</kw>
<kw name="Input Text" library="SeleniumLibrary">
<arg>FindElementsByIA:JobApp_LastName</arg>
<arg>${lastnamevalue}</arg>
<doc>Types the given ``text`` into the text field identified by ``locator``.</doc>
<msg timestamp="20250314 00:05:34.578" level="INFO">Typing text 'myLastname' into text field 'FindElementsByIA:JobApp_LastName'.</msg>
<kw name="AutomIA Locator Strategy" library="CustomKeywords">
<arg>&lt;selenium.webdriver.edge.webdriver.WebDriver (session="feb64029807c87508634c6fece83536c")&gt;</arg>
<arg>JobApp_LastName</arg>
<arg>None</arg>
<arg>{}</arg>
<kw name="Split String" library="String">
<var>${locator_parts}</var>
<arg>${locator}</arg>
<arg>|</arg>
<doc>Splits the ``string`` using ``separator`` as a delimiter string.</doc>
<msg timestamp="20250314 00:05:34.578" level="INFO">${locator_parts} = ['JobApp_LastName']</msg>
<status status="PASS" starttime="20250314 00:05:34.578" endtime="20250314 00:05:34.578"/>
</kw>
<kw name="Get Length" library="BuiltIn">
<var>${nbProperties}</var>
<arg>${locator_parts}</arg>
<doc>Returns and logs the length of the given item as an integer.</doc>
<msg timestamp="20250314 00:05:34.578" level="INFO">Length is 1</msg>
<msg timestamp="20250314 00:05:34.578" level="INFO">${nbProperties} = 1</msg>
<status status="PASS" starttime="20250314 00:05:34.578" endtime="20250314 00:05:34.578"/>
</kw>
<kw name="Set Variable" library="BuiltIn">
<var>${objFile}</var>
<arg>${locator_parts[0]}</arg>
<doc>Returns the given values which can then be assigned to a variables.</doc>
<msg timestamp="20250314 00:05:34.578" level="INFO">${objFile} = JobApp_LastName</msg>
<status status="PASS" starttime="20250314 00:05:34.578" endtime="20250314 00:05:34.578"/>
</kw>
<kw name="Set Variable" library="BuiltIn">
<var>${objPath}</var>
<arg>${EXECDIR}${ObjectRepositoryPath}${objFile}</arg>
<doc>Returns the given values which can then be assigned to a variables.</doc>
<msg timestamp="20250314 00:05:34.584" level="INFO">${objPath} = C:\Users\cpi21897\git\AutomIA_ElementFinder/demo/objectrepository/JobApp_LastName</msg>
<status status="PASS" starttime="20250314 00:05:34.578" endtime="20250314 00:05:34.585"/>
</kw>
<kw name="Create Dictionary" library="BuiltIn">
<var>${additionalProperties}</var>
<doc>Creates and returns a dictionary based on the given ``items``.</doc>
<msg timestamp="20250314 00:05:34.586" level="INFO">${additionalProperties} = {}</msg>
<status status="PASS" starttime="20250314 00:05:34.585" endtime="20250314 00:05:34.586"/>
</kw>
<for flavor="IN RANGE">
<var>${index}</var>
<value>1</value>
<value>${nbProperties}</value>
<iter>
<var name="${index}"/>
<kw name="Split String" library="String">
<var>${property}</var>
<arg>${locator_parts[${index}]}</arg>
<arg>:</arg>
<doc>Splits the ``string`` using ``separator`` as a delimiter string.</doc>
<status status="NOT RUN" starttime="20250314 00:05:34.587" endtime="20250314 00:05:34.587"/>
</kw>
<kw name="Set Variable" library="BuiltIn">
<var>${propertyName}</var>
<arg>${property[0]}</arg>
<doc>Returns the given values which can then be assigned to a variables.</doc>
<status status="NOT RUN" starttime="20250314 00:05:34.588" endtime="20250314 00:05:34.588"/>
</kw>
<kw name="Set Variable" library="BuiltIn">
<var>${propertyValue}</var>
<arg>${property[1]}</arg>
<doc>Returns the given values which can then be assigned to a variables.</doc>
<status status="NOT RUN" starttime="20250314 00:05:34.588" endtime="20250314 00:05:34.588"/>
</kw>
<kw name="Set To Dictionary" library="Collections">
<arg>${additionalProperties}</arg>
<arg>${propertyName}</arg>
<arg>${propertyValue}</arg>
<doc>Adds the given ``key_value_pairs`` and/or ``items`` to the ``dictionary``.</doc>
<status status="NOT RUN" starttime="20250314 00:05:34.588" endtime="20250314 00:05:34.588"/>
</kw>
<status status="NOT RUN" starttime="20250314 00:05:34.587" endtime="20250314 00:05:34.588"/>
</iter>
<status status="NOT RUN" starttime="20250314 00:05:34.587" endtime="20250314 00:05:34.588"/>
</for>
<kw name="Find Elements By Ia With Driver" library="FindWebElements">
<var>${webelement}</var>
<arg>${objPath}</arg>
<arg>${additionalProperties}</arg>
<doc>Find elements by IA using Selenium WebDriver.</doc>
<msg timestamp="20250314 00:05:34.758" level="INFO">Nombre d'élement avec le TagName : input = 16
Attibut traité : type
Attibut traité : name
Attibut traité : id
Attibut traité : class
Attibut traité : textContent
Sorted Tag List : [('id', 'ff_153_names_last_name_', 85), ('class', 'ff-el-form-control', 75), ('type', 'text', 50), ('name', 'names[last_name]', 45), ('textContent', '', 25), ('aria-invalid', 'false', 10), ('aria-required', 'false', 10), ('style', 'outline: red solid 2px;', 10)]
Nombre d'élement avec le Xpath : self::*[@id='ff_153_names_last_name_'] = 1
nombre d'élements encore en lice après recherche par attributs : 1</msg>
<msg timestamp="20250314 00:05:34.759" level="INFO">${webelement} = &lt;selenium.webdriver.remote.webelement.WebElement (session="feb64029807c87508634c6fece83536c", element="f.C6A60DEE91BD27AA68F3676389B4648C.d.9AA04020375DEAF80B5749A84F2F9144.e.48")&gt;</msg>
<status status="PASS" starttime="20250314 00:05:34.590" endtime="20250314 00:05:34.759"/>
</kw>
<return>
<value>${webelement}</value>
<status status="PASS" starttime="20250314 00:05:34.759" endtime="20250314 00:05:34.759"/>
</return>
<status status="PASS" starttime="20250314 00:05:34.578" endtime="20250314 00:05:34.759"/>
</kw>
<status status="PASS" starttime="20250314 00:05:34.578" endtime="20250314 00:05:34.840"/>
</kw>
<kw name="Input Text" library="SeleniumLibrary">
<arg>FindElementsByIA:JobApp_Email</arg>
<arg>${emailvalue}</arg>
<doc>Types the given ``text`` into the text field identified by ``locator``.</doc>
<msg timestamp="20250314 00:05:34.840" level="INFO">Typing text 'myemail@email.com' into text field 'FindElementsByIA:JobApp_Email'.</msg>
<kw name="AutomIA Locator Strategy" library="CustomKeywords">
<arg>&lt;selenium.webdriver.edge.webdriver.WebDriver (session="feb64029807c87508634c6fece83536c")&gt;</arg>
<arg>JobApp_Email</arg>
<arg>None</arg>
<arg>{}</arg>
<kw name="Split String" library="String">
<var>${locator_parts}</var>
<arg>${locator}</arg>
<arg>|</arg>
<doc>Splits the ``string`` using ``separator`` as a delimiter string.</doc>
<msg timestamp="20250314 00:05:34.840" level="INFO">${locator_parts} = ['JobApp_Email']</msg>
<status status="PASS" starttime="20250314 00:05:34.840" endtime="20250314 00:05:34.840"/>
</kw>
<kw name="Get Length" library="BuiltIn">
<var>${nbProperties}</var>
<arg>${locator_parts}</arg>
<doc>Returns and logs the length of the given item as an integer.</doc>
<msg timestamp="20250314 00:05:34.840" level="INFO">Length is 1</msg>
<msg timestamp="20250314 00:05:34.840" level="INFO">${nbProperties} = 1</msg>
<status status="PASS" starttime="20250314 00:05:34.840" endtime="20250314 00:05:34.840"/>
</kw>
<kw name="Set Variable" library="BuiltIn">
<var>${objFile}</var>
<arg>${locator_parts[0]}</arg>
<doc>Returns the given values which can then be assigned to a variables.</doc>
<msg timestamp="20250314 00:05:34.840" level="INFO">${objFile} = JobApp_Email</msg>
<status status="PASS" starttime="20250314 00:05:34.840" endtime="20250314 00:05:34.840"/>
</kw>
<kw name="Set Variable" library="BuiltIn">
<var>${objPath}</var>
<arg>${EXECDIR}${ObjectRepositoryPath}${objFile}</arg>
<doc>Returns the given values which can then be assigned to a variables.</doc>
<msg timestamp="20250314 00:05:34.840" level="INFO">${objPath} = C:\Users\cpi21897\git\AutomIA_ElementFinder/demo/objectrepository/JobApp_Email</msg>
<status status="PASS" starttime="20250314 00:05:34.840" endtime="20250314 00:05:34.840"/>
</kw>
<kw name="Create Dictionary" library="BuiltIn">
<var>${additionalProperties}</var>
<doc>Creates and returns a dictionary based on the given ``items``.</doc>
<msg timestamp="20250314 00:05:34.840" level="INFO">${additionalProperties} = {}</msg>
<status status="PASS" starttime="20250314 00:05:34.840" endtime="20250314 00:05:34.840"/>
</kw>
<for flavor="IN RANGE">
<var>${index}</var>
<value>1</value>
<value>${nbProperties}</value>
<iter>
<var name="${index}"/>
<kw name="Split String" library="String">
<var>${property}</var>
<arg>${locator_parts[${index}]}</arg>
<arg>:</arg>
<doc>Splits the ``string`` using ``separator`` as a delimiter string.</doc>
<status status="NOT RUN" starttime="20250314 00:05:34.840" endtime="20250314 00:05:34.840"/>
</kw>
<kw name="Set Variable" library="BuiltIn">
<var>${propertyName}</var>
<arg>${property[0]}</arg>
<doc>Returns the given values which can then be assigned to a variables.</doc>
<status status="NOT RUN" starttime="20250314 00:05:34.840" endtime="20250314 00:05:34.840"/>
</kw>
<kw name="Set Variable" library="BuiltIn">
<var>${propertyValue}</var>
<arg>${property[1]}</arg>
<doc>Returns the given values which can then be assigned to a variables.</doc>
<status status="NOT RUN" starttime="20250314 00:05:34.840" endtime="20250314 00:05:34.840"/>
</kw>
<kw name="Set To Dictionary" library="Collections">
<arg>${additionalProperties}</arg>
<arg>${propertyName}</arg>
<arg>${propertyValue}</arg>
<doc>Adds the given ``key_value_pairs`` and/or ``items`` to the ``dictionary``.</doc>
<status status="NOT RUN" starttime="20250314 00:05:34.840" endtime="20250314 00:05:34.840"/>
</kw>
<status status="NOT RUN" starttime="20250314 00:05:34.840" endtime="20250314 00:05:34.840"/>
</iter>
<status status="NOT RUN" starttime="20250314 00:05:34.840" endtime="20250314 00:05:34.840"/>
</for>
<kw name="Find Elements By Ia With Driver" library="FindWebElements">
<var>${webelement}</var>
<arg>${objPath}</arg>
<arg>${additionalProperties}</arg>
<doc>Find elements by IA using Selenium WebDriver.</doc>
<msg timestamp="20250314 00:05:35.111" level="INFO">Nombre d'élement avec le TagName : input = 16
Attibut traité : type
Attibut traité : name
Attibut traité : id
Attibut traité : class
Attibut traité : textContent
Sorted Tag List : [('id', 'ff_153_email', 85), ('class', 'ff-el-form-control', 75), ('type', 'email', 50), ('name', 'email', 45), ('textContent', '', 25), ('data-name', 'email', 10), ('aria-invalid', 'false', 10), ('aria-required', 'true', 10), ('style', 'outline: red solid 2px;', 10)]
Nombre d'élement avec le Xpath : self::*[@id='ff_153_email'] = 1
nombre d'élements encore en lice après recherche par attributs : 1</msg>
<msg timestamp="20250314 00:05:35.111" level="INFO">${webelement} = &lt;selenium.webdriver.remote.webelement.WebElement (session="feb64029807c87508634c6fece83536c", element="f.C6A60DEE91BD27AA68F3676389B4648C.d.9AA04020375DEAF80B5749A84F2F9144.e.49")&gt;</msg>
<status status="PASS" starttime="20250314 00:05:34.850" endtime="20250314 00:05:35.111"/>
</kw>
<return>
<value>${webelement}</value>
<status status="PASS" starttime="20250314 00:05:35.111" endtime="20250314 00:05:35.112"/>
</return>
<status status="PASS" starttime="20250314 00:05:34.840" endtime="20250314 00:05:35.112"/>
</kw>
<status status="PASS" starttime="20250314 00:05:34.840" endtime="20250314 00:05:35.204"/>
</kw>
<kw name="Input Text" library="SeleniumLibrary">
<arg>FindElementsByIA:JobApp_MobileNumber</arg>
<arg>${mobilenumbervalue}</arg>
<doc>Types the given ``text`` into the text field identified by ``locator``.</doc>
<msg timestamp="20250314 00:05:35.206" level="INFO">Typing text '06 77 77 77 77' into text field 'FindElementsByIA:JobApp_MobileNumber'.</msg>
<kw name="AutomIA Locator Strategy" library="CustomKeywords">
<arg>&lt;selenium.webdriver.edge.webdriver.WebDriver (session="feb64029807c87508634c6fece83536c")&gt;</arg>
<arg>JobApp_MobileNumber</arg>
<arg>None</arg>
<arg>{}</arg>
<kw name="Split String" library="String">
<var>${locator_parts}</var>
<arg>${locator}</arg>
<arg>|</arg>
<doc>Splits the ``string`` using ``separator`` as a delimiter string.</doc>
<msg timestamp="20250314 00:05:35.207" level="INFO">${locator_parts} = ['JobApp_MobileNumber']</msg>
<status status="PASS" starttime="20250314 00:05:35.207" endtime="20250314 00:05:35.208"/>
</kw>
<kw name="Get Length" library="BuiltIn">
<var>${nbProperties}</var>
<arg>${locator_parts}</arg>
<doc>Returns and logs the length of the given item as an integer.</doc>
<msg timestamp="20250314 00:05:35.208" level="INFO">Length is 1</msg>
<msg timestamp="20250314 00:05:35.208" level="INFO">${nbProperties} = 1</msg>
<status status="PASS" starttime="20250314 00:05:35.208" endtime="20250314 00:05:35.208"/>
</kw>
<kw name="Set Variable" library="BuiltIn">
<var>${objFile}</var>
<arg>${locator_parts[0]}</arg>
<doc>Returns the given values which can then be assigned to a variables.</doc>
<msg timestamp="20250314 00:05:35.208" level="INFO">${objFile} = JobApp_MobileNumber</msg>
<status status="PASS" starttime="20250314 00:05:35.208" endtime="20250314 00:05:35.208"/>
</kw>
<kw name="Set Variable" library="BuiltIn">
<var>${objPath}</var>
<arg>${EXECDIR}${ObjectRepositoryPath}${objFile}</arg>
<doc>Returns the given values which can then be assigned to a variables.</doc>
<msg timestamp="20250314 00:05:35.208" level="INFO">${objPath} = C:\Users\cpi21897\git\AutomIA_ElementFinder/demo/objectrepository/JobApp_MobileNumber</msg>
<status status="PASS" starttime="20250314 00:05:35.208" endtime="20250314 00:05:35.208"/>
</kw>
<kw name="Create Dictionary" library="BuiltIn">
<var>${additionalProperties}</var>
<doc>Creates and returns a dictionary based on the given ``items``.</doc>
<msg timestamp="20250314 00:05:35.208" level="INFO">${additionalProperties} = {}</msg>
<status status="PASS" starttime="20250314 00:05:35.208" endtime="20250314 00:05:35.208"/>
</kw>
<for flavor="IN RANGE">
<var>${index}</var>
<value>1</value>
<value>${nbProperties}</value>
<iter>
<var name="${index}"/>
<kw name="Split String" library="String">
<var>${property}</var>
<arg>${locator_parts[${index}]}</arg>
<arg>:</arg>
<doc>Splits the ``string`` using ``separator`` as a delimiter string.</doc>
<status status="NOT RUN" starttime="20250314 00:05:35.208" endtime="20250314 00:05:35.208"/>
</kw>
<kw name="Set Variable" library="BuiltIn">
<var>${propertyName}</var>
<arg>${property[0]}</arg>
<doc>Returns the given values which can then be assigned to a variables.</doc>
<status status="NOT RUN" starttime="20250314 00:05:35.208" endtime="20250314 00:05:35.208"/>
</kw>
<kw name="Set Variable" library="BuiltIn">
<var>${propertyValue}</var>
<arg>${property[1]}</arg>
<doc>Returns the given values which can then be assigned to a variables.</doc>
<status status="NOT RUN" starttime="20250314 00:05:35.208" endtime="20250314 00:05:35.208"/>
</kw>
<kw name="Set To Dictionary" library="Collections">
<arg>${additionalProperties}</arg>
<arg>${propertyName}</arg>
<arg>${propertyValue}</arg>
<doc>Adds the given ``key_value_pairs`` and/or ``items`` to the ``dictionary``.</doc>
<status status="NOT RUN" starttime="20250314 00:05:35.208" endtime="20250314 00:05:35.208"/>
</kw>
<status status="NOT RUN" starttime="20250314 00:05:35.208" endtime="20250314 00:05:35.208"/>
</iter>
<status status="NOT RUN" starttime="20250314 00:05:35.208" endtime="20250314 00:05:35.208"/>
</for>
<kw name="Find Elements By Ia With Driver" library="FindWebElements">
<var>${webelement}</var>
<arg>${objPath}</arg>
<arg>${additionalProperties}</arg>
<doc>Find elements by IA using Selenium WebDriver.</doc>
<msg timestamp="20250314 00:05:35.373" level="INFO">Nombre d'élement avec le TagName : input = 16
Attibut traité : name
Attibut traité : class
Attibut traité : type
Attibut traité : placeholder
Attibut traité : id
Attibut traité : textContent
Sorted Tag List : [('id', 'ff_153_phone', 85), ('class', 'ff-el-form-control ff-el-phone ff_el_with_extended_validation', 75), ('type', 'tel', 50), ('name', 'phone', 45), ('placeholder', 'Mobile Number', 30), ('textContent', '', 25), ('data-name', 'phone', 10), ('inputmode', 'tel', 10), ('aria-invalid', 'false', 10), ('aria-required', 'true', 10), ('autocomplete', 'off', 10), ('data-intl-tel-input-id', '0', 10), ('style', 'outline: red solid 2px;', 10)]
Nombre d'élement avec le Xpath : self::*[@id='ff_153_phone'] = 1
nombre d'élements encore en lice après recherche par attributs : 1</msg>
<msg timestamp="20250314 00:05:35.373" level="INFO">${webelement} = &lt;selenium.webdriver.remote.webelement.WebElement (session="feb64029807c87508634c6fece83536c", element="f.C6A60DEE91BD27AA68F3676389B4648C.d.9AA04020375DEAF80B5749A84F2F9144.e.32")&gt;</msg>
<status status="PASS" starttime="20250314 00:05:35.208" endtime="20250314 00:05:35.374"/>
</kw>
<return>
<value>${webelement}</value>
<status status="PASS" starttime="20250314 00:05:35.374" endtime="20250314 00:05:35.374"/>
</return>
<status status="PASS" starttime="20250314 00:05:35.206" endtime="20250314 00:05:35.374"/>
</kw>
<status status="PASS" starttime="20250314 00:05:35.205" endtime="20250314 00:05:35.461"/>
</kw>
<kw name="Input Text" library="SeleniumLibrary">
<arg>FindElementsByIA:JobApp_Address</arg>
<arg>${addressvalue}</arg>
<doc>Types the given ``text`` into the text field identified by ``locator``.</doc>
<msg timestamp="20250314 00:05:35.462" level="INFO">Typing text 'myAddress' into text field 'FindElementsByIA:JobApp_Address'.</msg>
<kw name="AutomIA Locator Strategy" library="CustomKeywords">
<arg>&lt;selenium.webdriver.edge.webdriver.WebDriver (session="feb64029807c87508634c6fece83536c")&gt;</arg>
<arg>JobApp_Address</arg>
<arg>None</arg>
<arg>{}</arg>
<kw name="Split String" library="String">
<var>${locator_parts}</var>
<arg>${locator}</arg>
<arg>|</arg>
<doc>Splits the ``string`` using ``separator`` as a delimiter string.</doc>
<msg timestamp="20250314 00:05:35.464" level="INFO">${locator_parts} = ['JobApp_Address']</msg>
<status status="PASS" starttime="20250314 00:05:35.464" endtime="20250314 00:05:35.464"/>
</kw>
<kw name="Get Length" library="BuiltIn">
<var>${nbProperties}</var>
<arg>${locator_parts}</arg>
<doc>Returns and logs the length of the given item as an integer.</doc>
<msg timestamp="20250314 00:05:35.465" level="INFO">Length is 1</msg>
<msg timestamp="20250314 00:05:35.465" level="INFO">${nbProperties} = 1</msg>
<status status="PASS" starttime="20250314 00:05:35.465" endtime="20250314 00:05:35.465"/>
</kw>
<kw name="Set Variable" library="BuiltIn">
<var>${objFile}</var>
<arg>${locator_parts[0]}</arg>
<doc>Returns the given values which can then be assigned to a variables.</doc>
<msg timestamp="20250314 00:05:35.467" level="INFO">${objFile} = JobApp_Address</msg>
<status status="PASS" starttime="20250314 00:05:35.465" endtime="20250314 00:05:35.467"/>
</kw>
<kw name="Set Variable" library="BuiltIn">
<var>${objPath}</var>
<arg>${EXECDIR}${ObjectRepositoryPath}${objFile}</arg>
<doc>Returns the given values which can then be assigned to a variables.</doc>
<msg timestamp="20250314 00:05:35.467" level="INFO">${objPath} = C:\Users\cpi21897\git\AutomIA_ElementFinder/demo/objectrepository/JobApp_Address</msg>
<status status="PASS" starttime="20250314 00:05:35.467" endtime="20250314 00:05:35.468"/>
</kw>
<kw name="Create Dictionary" library="BuiltIn">
<var>${additionalProperties}</var>
<doc>Creates and returns a dictionary based on the given ``items``.</doc>
<msg timestamp="20250314 00:05:35.469" level="INFO">${additionalProperties} = {}</msg>
<status status="PASS" starttime="20250314 00:05:35.468" endtime="20250314 00:05:35.469"/>
</kw>
<for flavor="IN RANGE">
<var>${index}</var>
<value>1</value>
<value>${nbProperties}</value>
<iter>
<var name="${index}"/>
<kw name="Split String" library="String">
<var>${property}</var>
<arg>${locator_parts[${index}]}</arg>
<arg>:</arg>
<doc>Splits the ``string`` using ``separator`` as a delimiter string.</doc>
<status status="NOT RUN" starttime="20250314 00:05:35.469" endtime="20250314 00:05:35.470"/>
</kw>
<kw name="Set Variable" library="BuiltIn">
<var>${propertyName}</var>
<arg>${property[0]}</arg>
<doc>Returns the given values which can then be assigned to a variables.</doc>
<status status="NOT RUN" starttime="20250314 00:05:35.470" endtime="20250314 00:05:35.471"/>
</kw>
<kw name="Set Variable" library="BuiltIn">
<var>${propertyValue}</var>
<arg>${property[1]}</arg>
<doc>Returns the given values which can then be assigned to a variables.</doc>
<status status="NOT RUN" starttime="20250314 00:05:35.471" endtime="20250314 00:05:35.471"/>
</kw>
<kw name="Set To Dictionary" library="Collections">
<arg>${additionalProperties}</arg>
<arg>${propertyName}</arg>
<arg>${propertyValue}</arg>
<doc>Adds the given ``key_value_pairs`` and/or ``items`` to the ``dictionary``.</doc>
<status status="NOT RUN" starttime="20250314 00:05:35.471" endtime="20250314 00:05:35.471"/>
</kw>
<status status="NOT RUN" starttime="20250314 00:05:35.469" endtime="20250314 00:05:35.471"/>
</iter>
<status status="NOT RUN" starttime="20250314 00:05:35.469" endtime="20250314 00:05:35.472"/>
</for>
<kw name="Find Elements By Ia With Driver" library="FindWebElements">
<var>${webelement}</var>
<arg>${objPath}</arg>
<arg>${additionalProperties}</arg>
<doc>Find elements by IA using Selenium WebDriver.</doc>
<msg timestamp="20250314 00:05:35.651" level="INFO">Nombre d'élement avec le TagName : input = 16
Attibut traité : type
Attibut traité : name
Attibut traité : id
Attibut traité : class
Attibut traité : textContent
Sorted Tag List : [('id', 'ff_153_address_1_address_line_1_', 85), ('class', 'ff-el-form-control', 75), ('type', 'text', 50), ('name', 'address_1[address_line_1]', 45), ('textContent', '', 25), ('data-key_name', 'address_line_1', 10), ('aria-invalid', 'false', 10), ('aria-required', 'true', 10), ('style', 'outline: red solid 2px;', 10)]
Nombre d'élement avec le Xpath : self::*[@id='ff_153_address_1_address_line_1_'] = 1
nombre d'élements encore en lice après recherche par attributs : 1</msg>
<msg timestamp="20250314 00:05:35.652" level="INFO">${webelement} = &lt;selenium.webdriver.remote.webelement.WebElement (session="feb64029807c87508634c6fece83536c", element="f.C6A60DEE91BD27AA68F3676389B4648C.d.9AA04020375DEAF80B5749A84F2F9144.e.50")&gt;</msg>
<status status="PASS" starttime="20250314 00:05:35.472" endtime="20250314 00:05:35.652"/>
</kw>
<return>
<value>${webelement}</value>
<status status="PASS" starttime="20250314 00:05:35.652" endtime="20250314 00:05:35.652"/>
</return>
<status status="PASS" starttime="20250314 00:05:35.463" endtime="20250314 00:05:35.653"/>
</kw>
<status status="PASS" starttime="20250314 00:05:35.461" endtime="20250314 00:05:35.750"/>
</kw>
<kw name="Input Text" library="SeleniumLibrary">
<arg>FindElementsByIA:JobApp_City</arg>
<arg>${cityvalue}</arg>
<doc>Types the given ``text`` into the text field identified by ``locator``.</doc>
<msg timestamp="20250314 00:05:35.753" level="INFO">Typing text 'Nantes' into text field 'FindElementsByIA:JobApp_City'.</msg>
<kw name="AutomIA Locator Strategy" library="CustomKeywords">
<arg>&lt;selenium.webdriver.edge.webdriver.WebDriver (session="feb64029807c87508634c6fece83536c")&gt;</arg>
<arg>JobApp_City</arg>
<arg>None</arg>
<arg>{}</arg>
<kw name="Split String" library="String">
<var>${locator_parts}</var>
<arg>${locator}</arg>
<arg>|</arg>
<doc>Splits the ``string`` using ``separator`` as a delimiter string.</doc>
<msg timestamp="20250314 00:05:35.753" level="INFO">${locator_parts} = ['JobApp_City']</msg>
<status status="PASS" starttime="20250314 00:05:35.753" endtime="20250314 00:05:35.753"/>
</kw>
<kw name="Get Length" library="BuiltIn">
<var>${nbProperties}</var>
<arg>${locator_parts}</arg>
<doc>Returns and logs the length of the given item as an integer.</doc>
<msg timestamp="20250314 00:05:35.753" level="INFO">Length is 1</msg>
<msg timestamp="20250314 00:05:35.753" level="INFO">${nbProperties} = 1</msg>
<status status="PASS" starttime="20250314 00:05:35.753" endtime="20250314 00:05:35.753"/>
</kw>
<kw name="Set Variable" library="BuiltIn">
<var>${objFile}</var>
<arg>${locator_parts[0]}</arg>
<doc>Returns the given values which can then be assigned to a variables.</doc>
<msg timestamp="20250314 00:05:35.753" level="INFO">${objFile} = JobApp_City</msg>
<status status="PASS" starttime="20250314 00:05:35.753" endtime="20250314 00:05:35.753"/>
</kw>
<kw name="Set Variable" library="BuiltIn">
<var>${objPath}</var>
<arg>${EXECDIR}${ObjectRepositoryPath}${objFile}</arg>
<doc>Returns the given values which can then be assigned to a variables.</doc>
<msg timestamp="20250314 00:05:35.753" level="INFO">${objPath} = C:\Users\cpi21897\git\AutomIA_ElementFinder/demo/objectrepository/JobApp_City</msg>
<status status="PASS" starttime="20250314 00:05:35.753" endtime="20250314 00:05:35.753"/>
</kw>
<kw name="Create Dictionary" library="BuiltIn">
<var>${additionalProperties}</var>
<doc>Creates and returns a dictionary based on the given ``items``.</doc>
<msg timestamp="20250314 00:05:35.753" level="INFO">${additionalProperties} = {}</msg>
<status status="PASS" starttime="20250314 00:05:35.753" endtime="20250314 00:05:35.753"/>
</kw>
<for flavor="IN RANGE">
<var>${index}</var>
<value>1</value>
<value>${nbProperties}</value>
<iter>
<var name="${index}"/>
<kw name="Split String" library="String">
<var>${property}</var>
<arg>${locator_parts[${index}]}</arg>
<arg>:</arg>
<doc>Splits the ``string`` using ``separator`` as a delimiter string.</doc>
<status status="NOT RUN" starttime="20250314 00:05:35.753" endtime="20250314 00:05:35.753"/>
</kw>
<kw name="Set Variable" library="BuiltIn">
<var>${propertyName}</var>
<arg>${property[0]}</arg>
<doc>Returns the given values which can then be assigned to a variables.</doc>
<status status="NOT RUN" starttime="20250314 00:05:35.753" endtime="20250314 00:05:35.753"/>
</kw>
<kw name="Set Variable" library="BuiltIn">
<var>${propertyValue}</var>
<arg>${property[1]}</arg>
<doc>Returns the given values which can then be assigned to a variables.</doc>
<status status="NOT RUN" starttime="20250314 00:05:35.753" endtime="20250314 00:05:35.753"/>
</kw>
<kw name="Set To Dictionary" library="Collections">
<arg>${additionalProperties}</arg>
<arg>${propertyName}</arg>
<arg>${propertyValue}</arg>
<doc>Adds the given ``key_value_pairs`` and/or ``items`` to the ``dictionary``.</doc>
<status status="NOT RUN" starttime="20250314 00:05:35.753" endtime="20250314 00:05:35.753"/>
</kw>
<status status="NOT RUN" starttime="20250314 00:05:35.753" endtime="20250314 00:05:35.753"/>
</iter>
<status status="NOT RUN" starttime="20250314 00:05:35.753" endtime="20250314 00:05:35.753"/>
</for>
<kw name="Find Elements By Ia With Driver" library="FindWebElements">
<var>${webelement}</var>
<arg>${objPath}</arg>
<arg>${additionalProperties}</arg>
<doc>Find elements by IA using Selenium WebDriver.</doc>
<msg timestamp="20250314 00:05:36.063" level="INFO">Nombre d'élement avec le TagName : input = 16
Attibut traité : type
Attibut traité : name
Attibut traité : id
Attibut traité : class
Attibut traité : textContent
Sorted Tag List : [('id', 'ff_153_address_1_city_', 85), ('class', 'ff-el-form-control', 75), ('type', 'text', 50), ('name', 'address_1[city]', 45), ('textContent', '', 25), ('data-key_name', 'city', 10), ('aria-invalid', 'false', 10), ('aria-required', 'true', 10), ('style', 'outline: red solid 2px;', 10)]
Nombre d'élement avec le Xpath : self::*[@id='ff_153_address_1_city_'] = 1
nombre d'élements encore en lice après recherche par attributs : 1</msg>
<msg timestamp="20250314 00:05:36.063" level="INFO">${webelement} = &lt;selenium.webdriver.remote.webelement.WebElement (session="feb64029807c87508634c6fece83536c", element="f.C6A60DEE91BD27AA68F3676389B4648C.d.9AA04020375DEAF80B5749A84F2F9144.e.51")&gt;</msg>
<status status="PASS" starttime="20250314 00:05:35.753" endtime="20250314 00:05:36.063"/>
</kw>
<return>
<value>${webelement}</value>
<status status="PASS" starttime="20250314 00:05:36.063" endtime="20250314 00:05:36.063"/>
</return>
<status status="PASS" starttime="20250314 00:05:35.753" endtime="20250314 00:05:36.063"/>
</kw>
<status status="PASS" starttime="20250314 00:05:35.752" endtime="20250314 00:05:36.144"/>
</kw>
<kw name="Input Text" library="SeleniumLibrary">
<arg>FindElementsByIA:JobApp_ZipCode</arg>
<arg>${zipcodevalue}</arg>
<doc>Types the given ``text`` into the text field identified by ``locator``.</doc>
<msg timestamp="20250314 00:05:36.150" level="INFO">Typing text '44000' into text field 'FindElementsByIA:JobApp_ZipCode'.</msg>
<kw name="AutomIA Locator Strategy" library="CustomKeywords">
<arg>&lt;selenium.webdriver.edge.webdriver.WebDriver (session="feb64029807c87508634c6fece83536c")&gt;</arg>
<arg>JobApp_ZipCode</arg>
<arg>None</arg>
<arg>{}</arg>
<kw name="Split String" library="String">
<var>${locator_parts}</var>
<arg>${locator}</arg>
<arg>|</arg>
<doc>Splits the ``string`` using ``separator`` as a delimiter string.</doc>
<msg timestamp="20250314 00:05:36.151" level="INFO">${locator_parts} = ['JobApp_ZipCode']</msg>
<status status="PASS" starttime="20250314 00:05:36.151" endtime="20250314 00:05:36.151"/>
</kw>
<kw name="Get Length" library="BuiltIn">
<var>${nbProperties}</var>
<arg>${locator_parts}</arg>
<doc>Returns and logs the length of the given item as an integer.</doc>
<msg timestamp="20250314 00:05:36.152" level="INFO">Length is 1</msg>
<msg timestamp="20250314 00:05:36.152" level="INFO">${nbProperties} = 1</msg>
<status status="PASS" starttime="20250314 00:05:36.152" endtime="20250314 00:05:36.152"/>
</kw>
<kw name="Set Variable" library="BuiltIn">
<var>${objFile}</var>
<arg>${locator_parts[0]}</arg>
<doc>Returns the given values which can then be assigned to a variables.</doc>
<msg timestamp="20250314 00:05:36.155" level="INFO">${objFile} = JobApp_ZipCode</msg>
<status status="PASS" starttime="20250314 00:05:36.152" endtime="20250314 00:05:36.155"/>
</kw>
<kw name="Set Variable" library="BuiltIn">
<var>${objPath}</var>
<arg>${EXECDIR}${ObjectRepositoryPath}${objFile}</arg>
<doc>Returns the given values which can then be assigned to a variables.</doc>
<msg timestamp="20250314 00:05:36.155" level="INFO">${objPath} = C:\Users\cpi21897\git\AutomIA_ElementFinder/demo/objectrepository/JobApp_ZipCode</msg>
<status status="PASS" starttime="20250314 00:05:36.155" endtime="20250314 00:05:36.155"/>
</kw>
<kw name="Create Dictionary" library="BuiltIn">
<var>${additionalProperties}</var>
<doc>Creates and returns a dictionary based on the given ``items``.</doc>
<msg timestamp="20250314 00:05:36.155" level="INFO">${additionalProperties} = {}</msg>
<status status="PASS" starttime="20250314 00:05:36.155" endtime="20250314 00:05:36.155"/>
</kw>
<for flavor="IN RANGE">
<var>${index}</var>
<value>1</value>
<value>${nbProperties}</value>
<iter>
<var name="${index}"/>
<kw name="Split String" library="String">
<var>${property}</var>
<arg>${locator_parts[${index}]}</arg>
<arg>:</arg>
<doc>Splits the ``string`` using ``separator`` as a delimiter string.</doc>
<status status="NOT RUN" starttime="20250314 00:05:36.155" endtime="20250314 00:05:36.155"/>
</kw>
<kw name="Set Variable" library="BuiltIn">
<var>${propertyName}</var>
<arg>${property[0]}</arg>
<doc>Returns the given values which can then be assigned to a variables.</doc>
<status status="NOT RUN" starttime="20250314 00:05:36.155" endtime="20250314 00:05:36.155"/>
</kw>
<kw name="Set Variable" library="BuiltIn">
<var>${propertyValue}</var>
<arg>${property[1]}</arg>
<doc>Returns the given values which can then be assigned to a variables.</doc>
<status status="NOT RUN" starttime="20250314 00:05:36.155" endtime="20250314 00:05:36.155"/>
</kw>
<kw name="Set To Dictionary" library="Collections">
<arg>${additionalProperties}</arg>
<arg>${propertyName}</arg>
<arg>${propertyValue}</arg>
<doc>Adds the given ``key_value_pairs`` and/or ``items`` to the ``dictionary``.</doc>
<status status="NOT RUN" starttime="20250314 00:05:36.155" endtime="20250314 00:05:36.155"/>
</kw>
<status status="NOT RUN" starttime="20250314 00:05:36.155" endtime="20250314 00:05:36.155"/>
</iter>
<status status="NOT RUN" starttime="20250314 00:05:36.155" endtime="20250314 00:05:36.155"/>
</for>
<kw name="Find Elements By Ia With Driver" library="FindWebElements">
<var>${webelement}</var>
<arg>${objPath}</arg>
<arg>${additionalProperties}</arg>
<doc>Find elements by IA using Selenium WebDriver.</doc>
<msg timestamp="20250314 00:05:36.332" level="INFO">Nombre d'élement avec le TagName : input = 16
Attibut traité : type
Attibut traité : name
Attibut traité : id
Attibut traité : class
Attibut traité : textContent
Sorted Tag List : [('id', 'ff_153_address_1_zip_', 85), ('class', 'ff-el-form-control', 75), ('type', 'text', 50), ('name', 'address_1[zip]', 45), ('textContent', '', 25), ('data-key_name', 'zip', 10), ('aria-invalid', 'false', 10), ('aria-required', 'true', 10), ('style', 'outline: red solid 2px;', 10)]
Nombre d'élement avec le Xpath : self::*[@id='ff_153_address_1_zip_'] = 1
nombre d'élements encore en lice après recherche par attributs : 1</msg>
<msg timestamp="20250314 00:05:36.333" level="INFO">${webelement} = &lt;selenium.webdriver.remote.webelement.WebElement (session="feb64029807c87508634c6fece83536c", element="f.C6A60DEE91BD27AA68F3676389B4648C.d.9AA04020375DEAF80B5749A84F2F9144.e.52")&gt;</msg>
<status status="PASS" starttime="20250314 00:05:36.155" endtime="20250314 00:05:36.333"/>
</kw>
<return>
<value>${webelement}</value>
<status status="PASS" starttime="20250314 00:05:36.333" endtime="20250314 00:05:36.333"/>
</return>
<status status="PASS" starttime="20250314 00:05:36.150" endtime="20250314 00:05:36.333"/>
</kw>
<status status="PASS" starttime="20250314 00:05:36.144" endtime="20250314 00:05:36.407"/>
</kw>
<kw name="Select From List By Value" library="SeleniumLibrary">
<arg>FindElementsByIA:JobApp_Country</arg>
<arg>${countryvalue}</arg>
<doc>Selects options from selection list ``locator`` by ``values``.</doc>
<msg timestamp="20250314 00:05:36.407" level="INFO">Selecting options from selection list 'FindElementsByIA:JobApp_Country' by value FR.</msg>
[...]
<arg>:</arg>
<doc>Splits the ``string`` using ``separator`` as a delimiter string.</doc>
<msg timestamp="20250314 00:11:21.287" level="INFO">${property} = ['elementNumber', '3']</msg>
<status status="PASS" starttime="20250314 00:11:21.287" endtime="20250314 00:11:21.287"/>
</kw>
<kw name="Set Variable" library="BuiltIn">
<var>${propertyName}</var>
<arg>${property[0]}</arg>
<doc>Returns the given values which can then be assigned to a variables.</doc>
<msg timestamp="20250314 00:11:21.287" level="INFO">${propertyName} = elementNumber</msg>
<status status="PASS" starttime="20250314 00:11:21.287" endtime="20250314 00:11:21.287"/>
</kw>
<kw name="Set Variable" library="BuiltIn">
<var>${propertyValue}</var>
<arg>${property[1]}</arg>
<doc>Returns the given values which can then be assigned to a variables.</doc>
<msg timestamp="20250314 00:11:21.287" level="INFO">${propertyValue} = 3</msg>
<status status="PASS" starttime="20250314 00:11:21.287" endtime="20250314 00:11:21.287"/>
</kw>
<kw name="Set To Dictionary" library="Collections">
<arg>${additionalProperties}</arg>
<arg>${propertyName}</arg>
<arg>${propertyValue}</arg>
<doc>Adds the given ``key_value_pairs`` and/or ``items`` to the ``dictionary``.</doc>
<status status="PASS" starttime="20250314 00:11:21.287" endtime="20250314 00:11:21.287"/>
</kw>
<status status="PASS" starttime="20250314 00:11:21.287" endtime="20250314 00:11:21.293"/>
</iter>
<status status="PASS" starttime="20250314 00:11:21.287" endtime="20250314 00:11:21.293"/>
</for>
<kw name="Find Elements By Ia With Driver" library="FindWebElements">
<var>${webelement}</var>
<arg>${objPath}</arg>
<arg>${additionalProperties}</arg>
<doc>Find elements by IA using Selenium WebDriver.</doc>
<msg timestamp="20250314 00:11:22.587" level="INFO">Nombre d'élement avec le TagName : input = 12
Attibut traité : type
Attibut traité : class
Sorted Tag List : [('class', 'quantity-input', 75), ('type', 'number', 50), ('min', '0', 10), ('value', '0', 10)]
Nombre d'élement avec le Xpath : self::*[@class='quantity-input'] = 12
Nombre d'élement avec le Xpath : self::*[@type='number'] = 12
Nombre d'élement avec le Xpath : self::*[@min='0'] = 12
Nombre d'élement avec le Xpath : self::*[@value='0'] = 12
nombre d'élements encore en lice après recherche par attributs : 12
Warning: Multiple elements have the same highest frequency: [&lt;selenium.webdriver.remote.webelement.WebElement (session="ad13bb546d306c0e5530bd3a3f588cc7", element="f.608DADD8C83FFC35AAE16E21C7BB411C.d.93DBF7F9D8433814C516FEF7D51DEF07.e.1")&gt;, &lt;selenium.webdriver.remote.webelement.WebElement (session="ad13bb546d306c0e5530bd3a3f588cc7", element="f.608DADD8C83FFC35AAE16E21C7BB411C.d.93DBF7F9D8433814C516FEF7D51DEF07.e.2")&gt;, &lt;selenium.webdriver.remote.webelement.WebElement (session="ad13bb546d306c0e5530bd3a3f588cc7", element="f.608DADD8C83FFC35AAE16E21C7BB411C.d.93DBF7F9D8433814C516FEF7D51DEF07.e.3")&gt;, &lt;selenium.webdriver.remote.webelement.WebElement (session="ad13bb546d306c0e5530bd3a3f588cc7", element="f.608DADD8C83FFC35AAE16E21C7BB411C.d.93DBF7F9D8433814C516FEF7D51DEF07.e.4")&gt;, &lt;selenium.webdriver.remote.webelement.WebElement (session="ad13bb546d306c0e5530bd3a3f588cc7", element="f.608DADD8C83FFC35AAE16E21C7BB411C.d.93DBF7F9D8433814C516FEF7D51DEF07.e.5")&gt;, &lt;selenium.webdriver.remote.webelement.WebElement (session="ad13bb546d306c0e5530bd3a3f588cc7", element="f.608DADD8C83FFC35AAE16E21C7BB411C.d.93DBF7F9D8433814C516FEF7D51DEF07.e.6")&gt;, &lt;selenium.webdriver.remote.webelement.WebElement (session="ad13bb546d306c0e5530bd3a3f588cc7", element="f.608DADD8C83FFC35AAE16E21C7BB411C.d.93DBF7F9D8433814C516FEF7D51DEF07.e.7")&gt;, &lt;selenium.webdriver.remote.webelement.WebElement (session="ad13bb546d306c0e5530bd3a3f588cc7", element="f.608DADD8C83FFC35AAE16E21C7BB411C.d.93DBF7F9D8433814C516FEF7D51DEF07.e.8")&gt;, &lt;selenium.webdriver.remote.webelement.WebElement (session="ad13bb546d306c0e5530bd3a3f588cc7", element="f.608DADD8C83FFC35AAE16E21C7BB411C.d.93DBF7F9D8433814C516FEF7D51DEF07.e.9")&gt;, &lt;selenium.webdriver.remote.webelement.WebElement (session="ad13bb546d306c0e5530bd3a3f588cc7", element="f.608DADD8C83FFC35AAE16E21C7BB411C.d.93DBF7F9D8433814C516FEF7D51DEF07.e.10")&gt;, &lt;selenium.webdriver.remote.webelement.WebElement (session="ad13bb546d306c0e5530bd3a3f588cc7", element="f.608DADD8C83FFC35AAE16E21C7BB411C.d.93DBF7F9D8433814C516FEF7D51DEF07.e.11")&gt;, &lt;selenium.webdriver.remote.webelement.WebElement (session="ad13bb546d306c0e5530bd3a3f588cc7", element="f.608DADD8C83FFC35AAE16E21C7BB411C.d.93DBF7F9D8433814C516FEF7D51DEF07.e.12")&gt;]. Multiple elements are return.</msg>
<msg timestamp="20250314 00:11:22.588" level="INFO">${webelement} = &lt;selenium.webdriver.remote.webelement.WebElement (session="ad13bb546d306c0e5530bd3a3f588cc7", element="f.608DADD8C83FFC35AAE16E21C7BB411C.d.93DBF7F9D8433814C516FEF7D51DEF07.e.3")&gt;</msg>
<status status="PASS" starttime="20250314 00:11:21.293" endtime="20250314 00:11:22.588"/>
</kw>
<return>
<value>${webelement}</value>
<status status="PASS" starttime="20250314 00:11:22.588" endtime="20250314 00:11:22.588"/>
</return>
<status status="PASS" starttime="20250314 00:11:21.282" endtime="20250314 00:11:22.588"/>
</kw>
<status status="PASS" starttime="20250314 00:11:21.281" endtime="20250314 00:11:22.670"/>
</kw>
<kw name="Click Element" library="SeleniumLibrary">
<arg>FindElementsByIA:button_Ajouter au panier|elementNumber:3</arg>
<doc>Click the element identified by ``locator``.</doc>
<msg timestamp="20250314 00:11:22.673" level="INFO">Clicking element 'FindElementsByIA:button_Ajouter au panier|elementNumber:3'.</msg>
<kw name="AutomIA Locator Strategy" library="CustomKeywords">
<arg>&lt;selenium.webdriver.edge.webdriver.WebDriver (session="ad13bb546d306c0e5530bd3a3f588cc7")&gt;</arg>
<arg>button_Ajouter au panier|elementNumber:3</arg>
<arg>None</arg>
<arg>{}</arg>
<kw name="Split String" library="String">
<var>${locator_parts}</var>
<arg>${locator}</arg>
<arg>|</arg>
<doc>Splits the ``string`` using ``separator`` as a delimiter string.</doc>
<msg timestamp="20250314 00:11:22.673" level="INFO">${locator_parts} = ['button_Ajouter au panier', 'elementNumber:3']</msg>
<status status="PASS" starttime="20250314 00:11:22.673" endtime="20250314 00:11:22.675"/>
</kw>
<kw name="Get Length" library="BuiltIn">
<var>${nbProperties}</var>
<arg>${locator_parts}</arg>
<doc>Returns and logs the length of the given item as an integer.</doc>
<msg timestamp="20250314 00:11:22.676" level="INFO">Length is 2</msg>
<msg timestamp="20250314 00:11:22.676" level="INFO">${nbProperties} = 2</msg>
<status status="PASS" starttime="20250314 00:11:22.675" endtime="20250314 00:11:22.676"/>
</kw>
<kw name="Set Variable" library="BuiltIn">
<var>${objFile}</var>
<arg>${locator_parts[0]}</arg>
<doc>Returns the given values which can then be assigned to a variables.</doc>
<msg timestamp="20250314 00:11:22.676" level="INFO">${objFile} = button_Ajouter au panier</msg>
<status status="PASS" starttime="20250314 00:11:22.676" endtime="20250314 00:11:22.676"/>
</kw>
<kw name="Set Variable" library="BuiltIn">
<var>${objPath}</var>
<arg>${EXECDIR}${ObjectRepositoryPath}${objFile}</arg>
<doc>Returns the given values which can then be assigned to a variables.</doc>
<msg timestamp="20250314 00:11:22.676" level="INFO">${objPath} = C:\Users\cpi21897\git\AutomIA_ElementFinder/demo/objectrepository/button_Ajouter au panier</msg>
<status status="PASS" starttime="20250314 00:11:22.676" endtime="20250314 00:11:22.676"/>
</kw>
<kw name="Create Dictionary" library="BuiltIn">
<var>${additionalProperties}</var>
<doc>Creates and returns a dictionary based on the given ``items``.</doc>
<msg timestamp="20250314 00:11:22.676" level="INFO">${additionalProperties} = {}</msg>
<status status="PASS" starttime="20250314 00:11:22.676" endtime="20250314 00:11:22.676"/>
</kw>
<for flavor="IN RANGE">
<var>${index}</var>
<value>1</value>
<value>${nbProperties}</value>
<iter>
<var name="${index}">1</var>
<kw name="Split String" library="String">
<var>${property}</var>
<arg>${locator_parts[${index}]}</arg>
<arg>:</arg>
<doc>Splits the ``string`` using ``separator`` as a delimiter string.</doc>
<msg timestamp="20250314 00:11:22.683" level="INFO">${property} = ['elementNumber', '3']</msg>
<status status="PASS" starttime="20250314 00:11:22.682" endtime="20250314 00:11:22.683"/>
</kw>
<kw name="Set Variable" library="BuiltIn">
<var>${propertyName}</var>
<arg>${property[0]}</arg>
<doc>Returns the given values which can then be assigned to a variables.</doc>
<msg timestamp="20250314 00:11:22.686" level="INFO">${propertyName} = elementNumber</msg>
<status status="PASS" starttime="20250314 00:11:22.684" endtime="20250314 00:11:22.687"/>
</kw>
<kw name="Set Variable" library="BuiltIn">
<var>${propertyValue}</var>
<arg>${property[1]}</arg>
<doc>Returns the given values which can then be assigned to a variables.</doc>
<msg timestamp="20250314 00:11:22.689" level="INFO">${propertyValue} = 3</msg>
<status status="PASS" starttime="20250314 00:11:22.687" endtime="20250314 00:11:22.689"/>
</kw>
<kw name="Set To Dictionary" library="Collections">
<arg>${additionalProperties}</arg>
<arg>${propertyName}</arg>
<arg>${propertyValue}</arg>
<doc>Adds the given ``key_value_pairs`` and/or ``items`` to the ``dictionary``.</doc>
<status status="PASS" starttime="20250314 00:11:22.689" endtime="20250314 00:11:22.690"/>
</kw>
<status status="PASS" starttime="20250314 00:11:22.676" endtime="20250314 00:11:22.690"/>
</iter>
<status status="PASS" starttime="20250314 00:11:22.676" endtime="20250314 00:11:22.691"/>
</for>
<kw name="Find Elements By Ia With Driver" library="FindWebElements">
<var>${webelement}</var>
<arg>${objPath}</arg>
<arg>${additionalProperties}</arg>
<doc>Find elements by IA using Selenium WebDriver.</doc>
<msg timestamp="20250314 00:11:23.418" level="INFO">Nombre d'élement avec le TagName : button = 12
Attibut traité : class
Sorted Tag List : [('class', 'add-to-cart-btn', 75)]
Nombre d'élement avec le Xpath : self::*[@class='add-to-cart-btn'] = 12
nombre d'élements encore en lice après recherche par attributs : 12
Warning: Multiple elements have the same highest frequency: [&lt;selenium.webdriver.remote.webelement.WebElement (session="ad13bb546d306c0e5530bd3a3f588cc7", element="f.608DADD8C83FFC35AAE16E21C7BB411C.d.93DBF7F9D8433814C516FEF7D51DEF07.e.52")&gt;, &lt;selenium.webdriver.remote.webelement.WebElement (session="ad13bb546d306c0e5530bd3a3f588cc7", element="f.608DADD8C83FFC35AAE16E21C7BB411C.d.93DBF7F9D8433814C516FEF7D51DEF07.e.53")&gt;, &lt;selenium.webdriver.remote.webelement.WebElement (session="ad13bb546d306c0e5530bd3a3f588cc7", element="f.608DADD8C83FFC35AAE16E21C7BB411C.d.93DBF7F9D8433814C516FEF7D51DEF07.e.54")&gt;, &lt;selenium.webdriver.remote.webelement.WebElement (session="ad13bb546d306c0e5530bd3a3f588cc7", element="f.608DADD8C83FFC35AAE16E21C7BB411C.d.93DBF7F9D8433814C516FEF7D51DEF07.e.55")&gt;, &lt;selenium.webdriver.remote.webelement.WebElement (session="ad13bb546d306c0e5530bd3a3f588cc7", element="f.608DADD8C83FFC35AAE16E21C7BB411C.d.93DBF7F9D8433814C516FEF7D51DEF07.e.26")&gt;, &lt;selenium.webdriver.remote.webelement.WebElement (session="ad13bb546d306c0e5530bd3a3f588cc7", element="f.608DADD8C83FFC35AAE16E21C7BB411C.d.93DBF7F9D8433814C516FEF7D51DEF07.e.56")&gt;, &lt;selenium.webdriver.remote.webelement.WebElement (session="ad13bb546d306c0e5530bd3a3f588cc7", element="f.608DADD8C83FFC35AAE16E21C7BB411C.d.93DBF7F9D8433814C516FEF7D51DEF07.e.57")&gt;, &lt;selenium.webdriver.remote.webelement.WebElement (session="ad13bb546d306c0e5530bd3a3f588cc7", element="f.608DADD8C83FFC35AAE16E21C7BB411C.d.93DBF7F9D8433814C516FEF7D51DEF07.e.58")&gt;, &lt;selenium.webdriver.remote.webelement.WebElement (session="ad13bb546d306c0e5530bd3a3f588cc7", element="f.608DADD8C83FFC35AAE16E21C7BB411C.d.93DBF7F9D8433814C516FEF7D51DEF07.e.59")&gt;, &lt;selenium.webdriver.remote.webelement.WebElement (session="ad13bb546d306c0e5530bd3a3f588cc7", element="f.608DADD8C83FFC35AAE16E21C7BB411C.d.93DBF7F9D8433814C516FEF7D51DEF07.e.60")&gt;, &lt;selenium.webdriver.remote.webelement.WebElement (session="ad13bb546d306c0e5530bd3a3f588cc7", element="f.608DADD8C83FFC35AAE16E21C7BB411C.d.93DBF7F9D8433814C516FEF7D51DEF07.e.61")&gt;, &lt;selenium.webdriver.remote.webelement.WebElement (session="ad13bb546d306c0e5530bd3a3f588cc7", element="f.608DADD8C83FFC35AAE16E21C7BB411C.d.93DBF7F9D8433814C516FEF7D51DEF07.e.62")&gt;]. Multiple elements are return.</msg>
<msg timestamp="20250314 00:11:23.419" level="INFO">${webelement} = &lt;selenium.webdriver.remote.webelement.WebElement (session="ad13bb546d306c0e5530bd3a3f588cc7", element="f.608DADD8C83FFC35AAE16E21C7BB411C.d.93DBF7F9D8433814C516FEF7D51DEF07.e.54")&gt;</msg>
<status status="PASS" starttime="20250314 00:11:22.691" endtime="20250314 00:11:23.419"/>
</kw>
<return>
<value>${webelement}</value>
<status status="PASS" starttime="20250314 00:11:23.419" endtime="20250314 00:11:23.419"/>
</return>
<status status="PASS" starttime="20250314 00:11:22.673" endtime="20250314 00:11:23.420"/>
</kw>
<status status="PASS" starttime="20250314 00:11:22.672" endtime="20250314 00:11:23.486"/>
</kw>
<kw name="Get Text" library="SeleniumLibrary">
<var>${panier}</var>
<arg>FindElementsByIA:div_Panier</arg>
<doc>Returns the text value of the element identified by ``locator``.</doc>
<kw name="AutomIA Locator Strategy" library="CustomKeywords">
<arg>&lt;selenium.webdriver.edge.webdriver.WebDriver (session="ad13bb546d306c0e5530bd3a3f588cc7")&gt;</arg>
<arg>div_Panier</arg>
<arg>None</arg>
<arg>{}</arg>
<kw name="Split String" library="String">
<var>${locator_parts}</var>
<arg>${locator}</arg>
<arg>|</arg>
<doc>Splits the ``string`` using ``separator`` as a delimiter string.</doc>
<msg timestamp="20250314 00:11:23.491" level="INFO">${locator_parts} = ['div_Panier']</msg>
<status status="PASS" starttime="20250314 00:11:23.490" endtime="20250314 00:11:23.491"/>
</kw>
<kw name="Get Length" library="BuiltIn">
<var>${nbProperties}</var>
<arg>${locator_parts}</arg>
<doc>Returns and logs the length of the given item as an integer.</doc>
<msg timestamp="20250314 00:11:23.492" level="INFO">Length is 1</msg>
<msg timestamp="20250314 00:11:23.492" level="INFO">${nbProperties} = 1</msg>
<status status="PASS" starttime="20250314 00:11:23.491" endtime="20250314 00:11:23.492"/>
</kw>
<kw name="Set Variable" library="BuiltIn">
<var>${objFile}</var>
<arg>${locator_parts[0]}</arg>
<doc>Returns the given values which can then be assigned to a variables.</doc>
<msg timestamp="20250314 00:11:23.494" level="INFO">${objFile} = div_Panier</msg>
<status status="PASS" starttime="20250314 00:11:23.493" endtime="20250314 00:11:23.494"/>
</kw>
<kw name="Set Variable" library="BuiltIn">
<var>${objPath}</var>
<arg>${EXECDIR}${ObjectRepositoryPath}${objFile}</arg>
<doc>Returns the given values which can then be assigned to a variables.</doc>
<msg timestamp="20250314 00:11:23.495" level="INFO">${objPath} = C:\Users\cpi21897\git\AutomIA_ElementFinder/demo/objectrepository/div_Panier</msg>
<status status="PASS" starttime="20250314 00:11:23.494" endtime="20250314 00:11:23.495"/>
</kw>
<kw name="Create Dictionary" library="BuiltIn">
<var>${additionalProperties}</var>
<doc>Creates and returns a dictionary based on the given ``items``.</doc>
<msg timestamp="20250314 00:11:23.495" level="INFO">${additionalProperties} = {}</msg>
<status status="PASS" starttime="20250314 00:11:23.495" endtime="20250314 00:11:23.495"/>
</kw>
<for flavor="IN RANGE">
<var>${index}</var>
<value>1</value>
<value>${nbProperties}</value>
<iter>
<var name="${index}"/>
<kw name="Split String" library="String">
<var>${property}</var>
<arg>${locator_parts[${index}]}</arg>
<arg>:</arg>
<doc>Splits the ``string`` using ``separator`` as a delimiter string.</doc>
<status status="NOT RUN" starttime="20250314 00:11:23.496" endtime="20250314 00:11:23.496"/>
</kw>
<kw name="Set Variable" library="BuiltIn">
<var>${propertyName}</var>
<arg>${property[0]}</arg>
<doc>Returns the given values which can then be assigned to a variables.</doc>
<status status="NOT RUN" starttime="20250314 00:11:23.497" endtime="20250314 00:11:23.497"/>
</kw>
<kw name="Set Variable" library="BuiltIn">
<var>${propertyValue}</var>
<arg>${property[1]}</arg>
<doc>Returns the given values which can then be assigned to a variables.</doc>
<status status="NOT RUN" starttime="20250314 00:11:23.497" endtime="20250314 00:11:23.498"/>
</kw>
<kw name="Set To Dictionary" library="Collections">
<arg>${additionalProperties}</arg>
<arg>${propertyName}</arg>
<arg>${propertyValue}</arg>
<doc>Adds the given ``key_value_pairs`` and/or ``items`` to the ``dictionary``.</doc>
<status status="NOT RUN" starttime="20250314 00:11:23.498" endtime="20250314 00:11:23.498"/>
</kw>
<status status="NOT RUN" starttime="20250314 00:11:23.496" endtime="20250314 00:11:23.498"/>
</iter>
<status status="NOT RUN" starttime="20250314 00:11:23.495" endtime="20250314 00:11:23.498"/>
</for>
<kw name="Find Elements By Ia With Driver" library="FindWebElements">
<var>${webelement}</var>
<arg>${objPath}</arg>
<arg>${additionalProperties}</arg>
<doc>Find elements by IA using Selenium WebDriver.</doc>
<msg timestamp="20250314 00:11:23.595" level="INFO">Nombre d'élement avec le TagName : div = 2
Attibut traité : id
Attibut traité : textContent
Sorted Tag List : [('id', 'panier', 85), ('textContent', 'Pomme - 2.50€/kgPomme de terre - 1.50€/kgCourgette - 2.00€/kg', 25), ('style', 'outline: red solid 2px;', 10)]
Nombre d'élement avec le Xpath : self::*[@id='panier'] = 1
nombre d'élements encore en lice après recherche par attributs : 1</msg>
<msg timestamp="20250314 00:11:23.595" level="INFO">${webelement} = &lt;selenium.webdriver.remote.webelement.WebElement (session="ad13bb546d306c0e5530bd3a3f588cc7", element="f.608DADD8C83FFC35AAE16E21C7BB411C.d.93DBF7F9D8433814C516FEF7D51DEF07.e.63")&gt;</msg>
<status status="PASS" starttime="20250314 00:11:23.499" endtime="20250314 00:11:23.595"/>
</kw>
<return>
<value>${webelement}</value>
<status status="PASS" starttime="20250314 00:11:23.595" endtime="20250314 00:11:23.596"/>
</return>
<status status="PASS" starttime="20250314 00:11:23.490" endtime="20250314 00:11:23.597"/>
</kw>
<msg timestamp="20250314 00:11:23.612" level="INFO">${panier} = Orange - 3kg x 2.77€/kg = 8.31€
Pomme Verte - 5kg x 2.73€/kg = 13.65€</msg>
<status status="PASS" starttime="20250314 00:11:23.488" endtime="20250314 00:11:23.612"/>
</kw>
<kw name="Should Contain" library="BuiltIn">
<arg>${panier}</arg>
<arg>${fruit}</arg>
<doc>Fails if ``container`` does not contain ``item`` one or more times.</doc>
<status status="PASS" starttime="20250314 00:11:23.615" endtime="20250314 00:11:23.616"/>
</kw>
<kw name="Should Contain" library="BuiltIn">
<arg>${panier}</arg>
<arg>Pomme Verte</arg>
<doc>Fails if ``container`` does not contain ``item`` one or more times.</doc>
<status status="PASS" starttime="20250314 00:11:23.617" endtime="20250314 00:11:23.617"/>
</kw>
<kw name="Close Browser" library="SeleniumLibrary">
<doc>Closes the current browser.</doc>
<status status="PASS" starttime="20250314 00:11:23.618" endtime="20250314 00:11:25.995"/>
</kw>
<tag>AutomIA</tag>
<status status="PASS" starttime="20250314 00:11:13.196" endtime="20250314 00:11:25.997"/>
</test>
<status status="FAIL" starttime="20250314 00:05:18.371" endtime="20250314 00:11:25.999"/>
</suite>
<statistics>
<total>
<stat pass="11" fail="3" skip="0">All Tests</stat>
</total>
<tag>
<stat pass="6" fail="0" skip="0">AutomIA</stat>
</tag>
<suite>
<stat pass="11" fail="3" skip="0" id="s1" name="Demo">Demo</stat>
</suite>
</statistics>
<errors>
</errors>
</robot>
