<?xml version="1.0" encoding="UTF-8"?>
<robot generator="Robot 6.1.1 (Python 3.10.2 on win32)" generated="20240423 16:44:27.987" rpa="false" schemaversion="4">
<suite id="s1" name="demoTestClassic" source="C:\Users\MSU23906\SpyWeb_RobotFramework\test\demoTestClassic.robot">
<test id="s1-t1" name="DemoTest" line="26">
<kw name="Open Browser" library="SeleniumLibrary">
<arg>${loginpageurl}</arg>
<doc>Opens a new browser instance to the optional ``url``.</doc>
<msg timestamp="20240423 16:44:28.165" level="INFO">Opening browser 'firefox' to base url 'file:///C:/Users/MSU23906/AutomIA_SpyWeb/demo/Login%20V1.html'.</msg>
<status status="PASS" starttime="20240423 16:44:28.165" endtime="20240423 16:44:34.031"/>
</kw>
<kw name="Maximize Browser Window" library="SeleniumLibrary">
<doc>Maximizes current browser window.</doc>
<status status="PASS" starttime="20240423 16:44:34.031" endtime="20240423 16:44:34.037"/>
</kw>
<kw name="login" library="LoginPage">
<arg>${username}</arg>
<arg>${password}</arg>
<kw name="Log To Console" library="BuiltIn">
<arg>login</arg>
<doc>Logs the given message to the console.</doc>
<status status="PASS" starttime="20240423 16:44:34.038" endtime="20240423 16:44:34.039"/>
</kw>
<kw name="Wait Until Element Is Visible" library="SeleniumLibrary">
<arg>${userText}</arg>
<doc>Waits until the element ``locator`` is visible.</doc>
<status status="PASS" starttime="20240423 16:44:34.039" endtime="20240423 16:44:34.087"/>
</kw>
<kw name="Input Text" library="SeleniumLibrary">
<arg>${userText}</arg>
<arg>${username}</arg>
<doc>Types the given ``text`` into the text field identified by ``locator``.</doc>
<msg timestamp="20240423 16:44:34.087" level="INFO">Typing text 'test' into text field 'name:email'.</msg>
<status status="PASS" starttime="20240423 16:44:34.087" endtime="20240423 16:44:34.142"/>
</kw>
<kw name="Input Text" library="SeleniumLibrary">
<arg>${passwordText}</arg>
<arg>${pw}</arg>
<doc>Types the given ``text`` into the text field identified by ``locator``.</doc>
<msg timestamp="20240423 16:44:34.142" level="INFO">Typing text 'test' into text field 'name:pass'.</msg>
<status status="PASS" starttime="20240423 16:44:34.142" endtime="20240423 16:44:34.172"/>
</kw>
<kw name="Click Element" library="SeleniumLibrary">
<arg>${loginButton}</arg>
<doc>Click the element identified by ``locator``.</doc>
<msg timestamp="20240423 16:44:34.172" level="INFO">Clicking element 'xpath://a[text()='Connexion']'.</msg>
<status status="PASS" starttime="20240423 16:44:34.172" endtime="20240423 16:44:40.878"/>
</kw>
<status status="PASS" starttime="20240423 16:44:34.037" endtime="20240423 16:44:40.878"/>
</kw>
<kw name="job application form" library="JobApplicationForm">
<arg>${firstnamevalue}</arg>
<arg>${lastnamevalue}</arg>
<arg>${emailvalue}</arg>
<arg>${addressvalue}</arg>
<arg>${cityvalue}</arg>
<arg>${zipcodevalue}</arg>
<arg>${countryvalue}</arg>
<arg>${appliedpositionvalue}</arg>
<arg>${coverlettervalue}</arg>
<arg>${yearsexperiencevalue}</arg>
<arg>${startdatevalue}</arg>
<arg>${mobilenumbervalue}</arg>
<kw name="Log To Console" library="BuiltIn">
<arg>job application form</arg>
<doc>Logs the given message to the console.</doc>
<status status="PASS" starttime="20240423 16:44:40.878" endtime="20240423 16:44:40.878"/>
</kw>
<kw name="Wait Until Element Is Visible" library="SeleniumLibrary">
<arg>${applicationForm}</arg>
<doc>Waits until the element ``locator`` is visible.</doc>
<status status="PASS" starttime="20240423 16:44:40.878" endtime="20240423 16:44:40.894"/>
</kw>
<kw name="Input Text" library="SeleniumLibrary">
<arg>${firstName}</arg>
<arg>${firstnamevalue}</arg>
<doc>Types the given ``text`` into the text field identified by ``locator``.</doc>
<msg timestamp="20240423 16:44:40.894" level="INFO">Typing text 'test' into text field 'id:ff_153_names_first_name_'.</msg>
<status status="PASS" starttime="20240423 16:44:40.894" endtime="20240423 16:44:40.937"/>
</kw>
<kw name="Input Text" library="SeleniumLibrary">
<arg>${lastName}</arg>
<arg>${lastnamevalue}</arg>
<doc>Types the given ``text`` into the text field identified by ``locator``.</doc>
<msg timestamp="20240423 16:44:40.937" level="INFO">Typing text 'test' into text field 'id:ff_153_names_last_name_'.</msg>
<status status="PASS" starttime="20240423 16:44:40.937" endtime="20240423 16:44:40.959"/>
</kw>
<kw name="Input Text" library="SeleniumLibrary">
<arg>${email}</arg>
<arg>${emailvalue}</arg>
<doc>Types the given ``text`` into the text field identified by ``locator``.</doc>
<msg timestamp="20240423 16:44:40.959" level="INFO">Typing text 'test@test.com' into text field 'id:ff_153_email'.</msg>
<status status="PASS" starttime="20240423 16:44:40.959" endtime="20240423 16:44:40.991"/>
</kw>
<kw name="Input Text" library="SeleniumLibrary">
<arg>${mobileNumberInputElement}</arg>
<arg>${mobilenumbervalue}</arg>
<doc>Types the given ``text`` into the text field identified by ``locator``.</doc>
<msg timestamp="20240423 16:44:40.991" level="INFO">Typing text '06 77 77 77 77' into text field 'id:ff_153_phone'.</msg>
<status status="PASS" starttime="20240423 16:44:40.991" endtime="20240423 16:44:41.007"/>
</kw>
<kw name="Input Text" library="SeleniumLibrary">
<arg>${address}</arg>
<arg>${addressvalue}</arg>
<doc>Types the given ``text`` into the text field identified by ``locator``.</doc>
<msg timestamp="20240423 16:44:41.007" level="INFO">Typing text 'test' into text field 'id:ff_153_address_1_address_line_1_'.</msg>
<status status="PASS" starttime="20240423 16:44:41.007" endtime="20240423 16:44:41.032"/>
</kw>
<kw name="Input Text" library="SeleniumLibrary">
<arg>${city}</arg>
<arg>${cityvalue}</arg>
<doc>Types the given ``text`` into the text field identified by ``locator``.</doc>
<msg timestamp="20240423 16:44:41.032" level="INFO">Typing text 'Nantes' into text field 'id:ff_153_address_1_city_'.</msg>
<status status="PASS" starttime="20240423 16:44:41.032" endtime="20240423 16:44:41.049"/>
</kw>
<kw name="Input Text" library="SeleniumLibrary">
<arg>${zipCode}</arg>
<arg>${zipcodevalue}</arg>
<doc>Types the given ``text`` into the text field identified by ``locator``.</doc>
<msg timestamp="20240423 16:44:41.049" level="INFO">Typing text '44000' into text field 'id:ff_153_address_1_zip_'.</msg>
<status status="PASS" starttime="20240423 16:44:41.049" endtime="20240423 16:44:41.064"/>
</kw>
<kw name="Select From List By Value" library="SeleniumLibrary">
<arg>${country}</arg>
<arg>${countryvalue}</arg>
<doc>Selects options from selection list ``locator`` by ``values``.</doc>
<msg timestamp="20240423 16:44:41.064" level="INFO">Selecting options from selection list 'id:ff_153_address_1_country_' by value FR.</msg>
<status status="PASS" starttime="20240423 16:44:41.064" endtime="20240423 16:44:41.335"/>
</kw>
<kw name="Input Text" library="SeleniumLibrary">
<arg>${appliedPosition}</arg>
<arg>${appliedpositionvalue}</arg>
<doc>Types the given ``text`` into the text field identified by ``locator``.</doc>
<msg timestamp="20240423 16:44:41.335" level="INFO">Typing text 'test engineer' into text field 'id:ff_153_input_text'.</msg>
<status status="PASS" starttime="20240423 16:44:41.335" endtime="20240423 16:44:41.361"/>
</kw>
<kw name="Input Text" library="SeleniumLibrary">
<arg>${coverLetter}</arg>
<arg>${coverlettervalue}</arg>
<doc>Types the given ``text`` into the text field identified by ``locator``.</doc>
<msg timestamp="20240423 16:44:41.361" level="INFO">Typing text 'test' into text field 'id:ff_153_description_3'.</msg>
<status status="PASS" starttime="20240423 16:44:41.361" endtime="20240423 16:44:41.376"/>
</kw>
<kw name="Input Text" library="SeleniumLibrary">
<arg>${yearsExperience}</arg>
<arg>${yearsexperiencevalue}</arg>
<doc>Types the given ``text`` into the text field identified by ``locator``.</doc>
<msg timestamp="20240423 16:44:41.376" level="INFO">Typing text '8' into text field 'id:ff_153_numeric-field'.</msg>
<status status="PASS" starttime="20240423 16:44:41.376" endtime="20240423 16:44:41.454"/>
</kw>
<kw name="Execute Javascript" library="SeleniumLibrary">
<arg>document.querySelector("#ff_153_datetime_1").removeAttribute("readonly");</arg>
<doc>Executes the given JavaScript code with possible arguments.</doc>
<msg timestamp="20240423 16:44:41.456" level="INFO">Executing JavaScript:
document.querySelector("#ff_153_datetime_1").removeAttribute("readonly");
Without any arguments.</msg>
<status status="PASS" starttime="20240423 16:44:41.454" endtime="20240423 16:44:41.456"/>
</kw>
<kw name="Execute Javascript" library="SeleniumLibrary">
<arg>document.querySelector("#ff_153_datetime_1").removeAttribute("onchange");</arg>
<doc>Executes the given JavaScript code with possible arguments.</doc>
<msg timestamp="20240423 16:44:41.456" level="INFO">Executing JavaScript:
document.querySelector("#ff_153_datetime_1").removeAttribute("onchange");
Without any arguments.</msg>
<status status="PASS" starttime="20240423 16:44:41.456" endtime="20240423 16:44:41.462"/>
</kw>
<kw name="Execute Javascript" library="SeleniumLibrary">
<arg>document.querySelector("#ff_153_datetime_1").setAttribute("value", "${startdatevalue}");</arg>
<doc>Executes the given JavaScript code with possible arguments.</doc>
<msg timestamp="20240423 16:44:41.462" level="INFO">Executing JavaScript:
document.querySelector("#ff_153_datetime_1").setAttribute("value", "13/06/2024");
Without any arguments.</msg>
<status status="PASS" starttime="20240423 16:44:41.462" endtime="20240423 16:44:41.462"/>
</kw>
<kw name="Click Element" library="SeleniumLibrary">
<arg>${applyButton}</arg>
<doc>Click the element identified by ``locator``.</doc>
<msg timestamp="20240423 16:44:41.462" level="INFO">Clicking element 'xpath://a[text()='Apply']'.</msg>
<status status="PASS" starttime="20240423 16:44:41.462" endtime="20240423 16:44:41.718"/>
</kw>
<kw name="Wait Until Element Is Visible" library="SeleniumLibrary">
<arg>${success_form}</arg>
<doc>Waits until the element ``locator`` is visible.</doc>
<status status="PASS" starttime="20240423 16:44:41.718" endtime="20240423 16:44:41.750"/>
</kw>
<kw name="Log To Console" library="BuiltIn">
<arg>Job application complete</arg>
<doc>Logs the given message to the console.</doc>
<status status="PASS" starttime="20240423 16:44:41.750" endtime="20240423 16:44:41.750"/>
</kw>
<status status="PASS" starttime="20240423 16:44:40.878" endtime="20240423 16:44:41.750"/>
</kw>
<kw name="Close Browser" library="SeleniumLibrary">
<doc>Closes the current browser.</doc>
<status status="PASS" starttime="20240423 16:44:41.750" endtime="20240423 16:44:44.531"/>
</kw>
<tag>Authentification</tag>
<status status="PASS" starttime="20240423 16:44:28.165" endtime="20240423 16:44:44.531"/>
</test>
<status status="PASS" starttime="20240423 16:44:27.987" endtime="20240423 16:44:44.531"/>
</suite>
<statistics>
<total>
<stat pass="1" fail="0" skip="0">All Tests</stat>
</total>
<tag>
<stat pass="1" fail="0" skip="0">Authentification</stat>
</tag>
<suite>
<stat pass="1" fail="0" skip="0" id="s1" name="demoTestClassic">demoTestClassic</stat>
</suite>
</statistics>
<errors>
</errors>
</robot>
